ARM GAS  /tmp/ccYiVapV.s 			page 1


   1              		.cpu cortex-m3
   2              		.arch armv7-m
   3              		.fpu softvfp
   4              		.eabi_attribute 20, 1
   5              		.eabi_attribute 21, 1
   6              		.eabi_attribute 23, 3
   7              		.eabi_attribute 24, 1
   8              		.eabi_attribute 25, 1
   9              		.eabi_attribute 26, 1
  10              		.eabi_attribute 30, 1
  11              		.eabi_attribute 34, 1
  12              		.eabi_attribute 18, 4
  13              		.file	"Drivers@src@stm32f10x_crc.c"
  14              		.text
  15              	.Ltext0:
  16              		.cfi_sections	.debug_frame
  17              		.file 1 "./.ccls-cache/@home@carver@Documents@stm32_with_linux@recorde/Drivers@src@stm32f10x_crc.c
  18              		.section	.text.CRC_ResetDR,"ax",%progbits
  19              		.align	1
  20              		.global	CRC_ResetDR
  21              		.syntax unified
  22              		.thumb
  23              		.thumb_func
  25              	CRC_ResetDR:
  26              	.LFB29:
   1:./.ccls-cache/@home@carver@Documents@stm32_with_linux@recorde/Drivers@src@stm32f10x_crc.c **** /**
   2:./.ccls-cache/@home@carver@Documents@stm32_with_linux@recorde/Drivers@src@stm32f10x_crc.c ****   ******************************************************************************
   3:./.ccls-cache/@home@carver@Documents@stm32_with_linux@recorde/Drivers@src@stm32f10x_crc.c ****   * @file    stm32f10x_crc.c
   4:./.ccls-cache/@home@carver@Documents@stm32_with_linux@recorde/Drivers@src@stm32f10x_crc.c ****   * @author  MCD Application Team
   5:./.ccls-cache/@home@carver@Documents@stm32_with_linux@recorde/Drivers@src@stm32f10x_crc.c ****   * @version V3.6.2
   6:./.ccls-cache/@home@carver@Documents@stm32_with_linux@recorde/Drivers@src@stm32f10x_crc.c ****   * @date    17-September-2021
   7:./.ccls-cache/@home@carver@Documents@stm32_with_linux@recorde/Drivers@src@stm32f10x_crc.c ****   * @brief   This file provides all the CRC firmware functions.
   8:./.ccls-cache/@home@carver@Documents@stm32_with_linux@recorde/Drivers@src@stm32f10x_crc.c ****   ******************************************************************************
   9:./.ccls-cache/@home@carver@Documents@stm32_with_linux@recorde/Drivers@src@stm32f10x_crc.c ****   * @attention
  10:./.ccls-cache/@home@carver@Documents@stm32_with_linux@recorde/Drivers@src@stm32f10x_crc.c ****   *
  11:./.ccls-cache/@home@carver@Documents@stm32_with_linux@recorde/Drivers@src@stm32f10x_crc.c ****   * Copyright (c) 2012 STMicroelectronics.
  12:./.ccls-cache/@home@carver@Documents@stm32_with_linux@recorde/Drivers@src@stm32f10x_crc.c ****   * All rights reserved.
  13:./.ccls-cache/@home@carver@Documents@stm32_with_linux@recorde/Drivers@src@stm32f10x_crc.c ****   *
  14:./.ccls-cache/@home@carver@Documents@stm32_with_linux@recorde/Drivers@src@stm32f10x_crc.c ****   * This software is licensed under terms that can be found in the LICENSE file
  15:./.ccls-cache/@home@carver@Documents@stm32_with_linux@recorde/Drivers@src@stm32f10x_crc.c ****   * in the root directory of this software component.
  16:./.ccls-cache/@home@carver@Documents@stm32_with_linux@recorde/Drivers@src@stm32f10x_crc.c ****   * If no LICENSE file comes with this software, it is provided AS-IS.
  17:./.ccls-cache/@home@carver@Documents@stm32_with_linux@recorde/Drivers@src@stm32f10x_crc.c ****   *
  18:./.ccls-cache/@home@carver@Documents@stm32_with_linux@recorde/Drivers@src@stm32f10x_crc.c ****   ******************************************************************************
  19:./.ccls-cache/@home@carver@Documents@stm32_with_linux@recorde/Drivers@src@stm32f10x_crc.c ****   */
  20:./.ccls-cache/@home@carver@Documents@stm32_with_linux@recorde/Drivers@src@stm32f10x_crc.c **** 
  21:./.ccls-cache/@home@carver@Documents@stm32_with_linux@recorde/Drivers@src@stm32f10x_crc.c **** /* Includes ------------------------------------------------------------------*/
  22:./.ccls-cache/@home@carver@Documents@stm32_with_linux@recorde/Drivers@src@stm32f10x_crc.c **** #include "stm32f10x_crc.h"
  23:./.ccls-cache/@home@carver@Documents@stm32_with_linux@recorde/Drivers@src@stm32f10x_crc.c **** 
  24:./.ccls-cache/@home@carver@Documents@stm32_with_linux@recorde/Drivers@src@stm32f10x_crc.c **** /** @addtogroup STM32F10x_StdPeriph_Driver
  25:./.ccls-cache/@home@carver@Documents@stm32_with_linux@recorde/Drivers@src@stm32f10x_crc.c ****   * @{
  26:./.ccls-cache/@home@carver@Documents@stm32_with_linux@recorde/Drivers@src@stm32f10x_crc.c ****   */
  27:./.ccls-cache/@home@carver@Documents@stm32_with_linux@recorde/Drivers@src@stm32f10x_crc.c **** 
  28:./.ccls-cache/@home@carver@Documents@stm32_with_linux@recorde/Drivers@src@stm32f10x_crc.c **** /** @defgroup CRC 
  29:./.ccls-cache/@home@carver@Documents@stm32_with_linux@recorde/Drivers@src@stm32f10x_crc.c ****   * @brief CRC driver modules
  30:./.ccls-cache/@home@carver@Documents@stm32_with_linux@recorde/Drivers@src@stm32f10x_crc.c ****   * @{
  31:./.ccls-cache/@home@carver@Documents@stm32_with_linux@recorde/Drivers@src@stm32f10x_crc.c ****   */
  32:./.ccls-cache/@home@carver@Documents@stm32_with_linux@recorde/Drivers@src@stm32f10x_crc.c **** 
ARM GAS  /tmp/ccYiVapV.s 			page 2


  33:./.ccls-cache/@home@carver@Documents@stm32_with_linux@recorde/Drivers@src@stm32f10x_crc.c **** /** @defgroup CRC_Private_TypesDefinitions
  34:./.ccls-cache/@home@carver@Documents@stm32_with_linux@recorde/Drivers@src@stm32f10x_crc.c ****   * @{
  35:./.ccls-cache/@home@carver@Documents@stm32_with_linux@recorde/Drivers@src@stm32f10x_crc.c ****   */
  36:./.ccls-cache/@home@carver@Documents@stm32_with_linux@recorde/Drivers@src@stm32f10x_crc.c **** 
  37:./.ccls-cache/@home@carver@Documents@stm32_with_linux@recorde/Drivers@src@stm32f10x_crc.c **** /**
  38:./.ccls-cache/@home@carver@Documents@stm32_with_linux@recorde/Drivers@src@stm32f10x_crc.c ****   * @}
  39:./.ccls-cache/@home@carver@Documents@stm32_with_linux@recorde/Drivers@src@stm32f10x_crc.c ****   */
  40:./.ccls-cache/@home@carver@Documents@stm32_with_linux@recorde/Drivers@src@stm32f10x_crc.c **** 
  41:./.ccls-cache/@home@carver@Documents@stm32_with_linux@recorde/Drivers@src@stm32f10x_crc.c **** /** @defgroup CRC_Private_Defines
  42:./.ccls-cache/@home@carver@Documents@stm32_with_linux@recorde/Drivers@src@stm32f10x_crc.c ****   * @{
  43:./.ccls-cache/@home@carver@Documents@stm32_with_linux@recorde/Drivers@src@stm32f10x_crc.c ****   */
  44:./.ccls-cache/@home@carver@Documents@stm32_with_linux@recorde/Drivers@src@stm32f10x_crc.c **** 
  45:./.ccls-cache/@home@carver@Documents@stm32_with_linux@recorde/Drivers@src@stm32f10x_crc.c **** /**
  46:./.ccls-cache/@home@carver@Documents@stm32_with_linux@recorde/Drivers@src@stm32f10x_crc.c ****   * @}
  47:./.ccls-cache/@home@carver@Documents@stm32_with_linux@recorde/Drivers@src@stm32f10x_crc.c ****   */
  48:./.ccls-cache/@home@carver@Documents@stm32_with_linux@recorde/Drivers@src@stm32f10x_crc.c **** 
  49:./.ccls-cache/@home@carver@Documents@stm32_with_linux@recorde/Drivers@src@stm32f10x_crc.c **** /** @defgroup CRC_Private_Macros
  50:./.ccls-cache/@home@carver@Documents@stm32_with_linux@recorde/Drivers@src@stm32f10x_crc.c ****   * @{
  51:./.ccls-cache/@home@carver@Documents@stm32_with_linux@recorde/Drivers@src@stm32f10x_crc.c ****   */
  52:./.ccls-cache/@home@carver@Documents@stm32_with_linux@recorde/Drivers@src@stm32f10x_crc.c **** 
  53:./.ccls-cache/@home@carver@Documents@stm32_with_linux@recorde/Drivers@src@stm32f10x_crc.c **** /**
  54:./.ccls-cache/@home@carver@Documents@stm32_with_linux@recorde/Drivers@src@stm32f10x_crc.c ****   * @}
  55:./.ccls-cache/@home@carver@Documents@stm32_with_linux@recorde/Drivers@src@stm32f10x_crc.c ****   */
  56:./.ccls-cache/@home@carver@Documents@stm32_with_linux@recorde/Drivers@src@stm32f10x_crc.c **** 
  57:./.ccls-cache/@home@carver@Documents@stm32_with_linux@recorde/Drivers@src@stm32f10x_crc.c **** /** @defgroup CRC_Private_Variables
  58:./.ccls-cache/@home@carver@Documents@stm32_with_linux@recorde/Drivers@src@stm32f10x_crc.c ****   * @{
  59:./.ccls-cache/@home@carver@Documents@stm32_with_linux@recorde/Drivers@src@stm32f10x_crc.c ****   */
  60:./.ccls-cache/@home@carver@Documents@stm32_with_linux@recorde/Drivers@src@stm32f10x_crc.c **** 
  61:./.ccls-cache/@home@carver@Documents@stm32_with_linux@recorde/Drivers@src@stm32f10x_crc.c **** /**
  62:./.ccls-cache/@home@carver@Documents@stm32_with_linux@recorde/Drivers@src@stm32f10x_crc.c ****   * @}
  63:./.ccls-cache/@home@carver@Documents@stm32_with_linux@recorde/Drivers@src@stm32f10x_crc.c ****   */
  64:./.ccls-cache/@home@carver@Documents@stm32_with_linux@recorde/Drivers@src@stm32f10x_crc.c **** 
  65:./.ccls-cache/@home@carver@Documents@stm32_with_linux@recorde/Drivers@src@stm32f10x_crc.c **** /** @defgroup CRC_Private_FunctionPrototypes
  66:./.ccls-cache/@home@carver@Documents@stm32_with_linux@recorde/Drivers@src@stm32f10x_crc.c ****   * @{
  67:./.ccls-cache/@home@carver@Documents@stm32_with_linux@recorde/Drivers@src@stm32f10x_crc.c ****   */
  68:./.ccls-cache/@home@carver@Documents@stm32_with_linux@recorde/Drivers@src@stm32f10x_crc.c **** 
  69:./.ccls-cache/@home@carver@Documents@stm32_with_linux@recorde/Drivers@src@stm32f10x_crc.c **** /**
  70:./.ccls-cache/@home@carver@Documents@stm32_with_linux@recorde/Drivers@src@stm32f10x_crc.c ****   * @}
  71:./.ccls-cache/@home@carver@Documents@stm32_with_linux@recorde/Drivers@src@stm32f10x_crc.c ****   */
  72:./.ccls-cache/@home@carver@Documents@stm32_with_linux@recorde/Drivers@src@stm32f10x_crc.c **** 
  73:./.ccls-cache/@home@carver@Documents@stm32_with_linux@recorde/Drivers@src@stm32f10x_crc.c **** /** @defgroup CRC_Private_Functions
  74:./.ccls-cache/@home@carver@Documents@stm32_with_linux@recorde/Drivers@src@stm32f10x_crc.c ****   * @{
  75:./.ccls-cache/@home@carver@Documents@stm32_with_linux@recorde/Drivers@src@stm32f10x_crc.c ****   */
  76:./.ccls-cache/@home@carver@Documents@stm32_with_linux@recorde/Drivers@src@stm32f10x_crc.c **** 
  77:./.ccls-cache/@home@carver@Documents@stm32_with_linux@recorde/Drivers@src@stm32f10x_crc.c **** /**
  78:./.ccls-cache/@home@carver@Documents@stm32_with_linux@recorde/Drivers@src@stm32f10x_crc.c ****   * @brief  Resets the CRC Data register (DR).
  79:./.ccls-cache/@home@carver@Documents@stm32_with_linux@recorde/Drivers@src@stm32f10x_crc.c ****   * @param  None
  80:./.ccls-cache/@home@carver@Documents@stm32_with_linux@recorde/Drivers@src@stm32f10x_crc.c ****   * @retval None
  81:./.ccls-cache/@home@carver@Documents@stm32_with_linux@recorde/Drivers@src@stm32f10x_crc.c ****   */
  82:./.ccls-cache/@home@carver@Documents@stm32_with_linux@recorde/Drivers@src@stm32f10x_crc.c **** void CRC_ResetDR(void)
  83:./.ccls-cache/@home@carver@Documents@stm32_with_linux@recorde/Drivers@src@stm32f10x_crc.c **** {
  27              		.loc 1 83 1 view -0
  28              		.cfi_startproc
  29              		@ args = 0, pretend = 0, frame = 0
  30              		@ frame_needed = 0, uses_anonymous_args = 0
  31              		@ link register save eliminated.
  84:./.ccls-cache/@home@carver@Documents@stm32_with_linux@recorde/Drivers@src@stm32f10x_crc.c ****   /* Reset CRC generator */
ARM GAS  /tmp/ccYiVapV.s 			page 3


  85:./.ccls-cache/@home@carver@Documents@stm32_with_linux@recorde/Drivers@src@stm32f10x_crc.c ****   CRC->CR = CRC_CR_RESET;
  32              		.loc 1 85 3 view .LVU1
  33              		.loc 1 85 11 is_stmt 0 view .LVU2
  34 0000 014B     		ldr	r3, .L2
  35 0002 0122     		movs	r2, #1
  36 0004 9A60     		str	r2, [r3, #8]
  86:./.ccls-cache/@home@carver@Documents@stm32_with_linux@recorde/Drivers@src@stm32f10x_crc.c **** }
  37              		.loc 1 86 1 view .LVU3
  38 0006 7047     		bx	lr
  39              	.L3:
  40              		.align	2
  41              	.L2:
  42 0008 00300240 		.word	1073885184
  43              		.cfi_endproc
  44              	.LFE29:
  46              		.section	.text.CRC_CalcCRC,"ax",%progbits
  47              		.align	1
  48              		.global	CRC_CalcCRC
  49              		.syntax unified
  50              		.thumb
  51              		.thumb_func
  53              	CRC_CalcCRC:
  54              	.LVL0:
  55              	.LFB30:
  87:./.ccls-cache/@home@carver@Documents@stm32_with_linux@recorde/Drivers@src@stm32f10x_crc.c **** 
  88:./.ccls-cache/@home@carver@Documents@stm32_with_linux@recorde/Drivers@src@stm32f10x_crc.c **** /**
  89:./.ccls-cache/@home@carver@Documents@stm32_with_linux@recorde/Drivers@src@stm32f10x_crc.c ****   * @brief  Computes the 32-bit CRC of a given data word(32-bit).
  90:./.ccls-cache/@home@carver@Documents@stm32_with_linux@recorde/Drivers@src@stm32f10x_crc.c ****   * @param  Data: data word(32-bit) to compute its CRC
  91:./.ccls-cache/@home@carver@Documents@stm32_with_linux@recorde/Drivers@src@stm32f10x_crc.c ****   * @retval 32-bit CRC
  92:./.ccls-cache/@home@carver@Documents@stm32_with_linux@recorde/Drivers@src@stm32f10x_crc.c ****   */
  93:./.ccls-cache/@home@carver@Documents@stm32_with_linux@recorde/Drivers@src@stm32f10x_crc.c **** uint32_t CRC_CalcCRC(uint32_t Data)
  94:./.ccls-cache/@home@carver@Documents@stm32_with_linux@recorde/Drivers@src@stm32f10x_crc.c **** {
  56              		.loc 1 94 1 is_stmt 1 view -0
  57              		.cfi_startproc
  58              		@ args = 0, pretend = 0, frame = 0
  59              		@ frame_needed = 0, uses_anonymous_args = 0
  60              		@ link register save eliminated.
  95:./.ccls-cache/@home@carver@Documents@stm32_with_linux@recorde/Drivers@src@stm32f10x_crc.c ****   CRC->DR = Data;
  61              		.loc 1 95 3 view .LVU5
  62              		.loc 1 95 11 is_stmt 0 view .LVU6
  63 0000 014B     		ldr	r3, .L5
  64 0002 1860     		str	r0, [r3]
  96:./.ccls-cache/@home@carver@Documents@stm32_with_linux@recorde/Drivers@src@stm32f10x_crc.c ****   
  97:./.ccls-cache/@home@carver@Documents@stm32_with_linux@recorde/Drivers@src@stm32f10x_crc.c ****   return (CRC->DR);
  65              		.loc 1 97 3 is_stmt 1 view .LVU7
  66              		.loc 1 97 14 is_stmt 0 view .LVU8
  67 0004 1868     		ldr	r0, [r3]
  68              	.LVL1:
  98:./.ccls-cache/@home@carver@Documents@stm32_with_linux@recorde/Drivers@src@stm32f10x_crc.c **** }
  69              		.loc 1 98 1 view .LVU9
  70 0006 7047     		bx	lr
  71              	.L6:
  72              		.align	2
  73              	.L5:
  74 0008 00300240 		.word	1073885184
  75              		.cfi_endproc
  76              	.LFE30:
ARM GAS  /tmp/ccYiVapV.s 			page 4


  78              		.section	.text.CRC_CalcBlockCRC,"ax",%progbits
  79              		.align	1
  80              		.global	CRC_CalcBlockCRC
  81              		.syntax unified
  82              		.thumb
  83              		.thumb_func
  85              	CRC_CalcBlockCRC:
  86              	.LVL2:
  87              	.LFB31:
  99:./.ccls-cache/@home@carver@Documents@stm32_with_linux@recorde/Drivers@src@stm32f10x_crc.c **** 
 100:./.ccls-cache/@home@carver@Documents@stm32_with_linux@recorde/Drivers@src@stm32f10x_crc.c **** /**
 101:./.ccls-cache/@home@carver@Documents@stm32_with_linux@recorde/Drivers@src@stm32f10x_crc.c ****   * @brief  Computes the 32-bit CRC of a given buffer of data word(32-bit).
 102:./.ccls-cache/@home@carver@Documents@stm32_with_linux@recorde/Drivers@src@stm32f10x_crc.c ****   * @param  pBuffer: pointer to the buffer containing the data to be computed
 103:./.ccls-cache/@home@carver@Documents@stm32_with_linux@recorde/Drivers@src@stm32f10x_crc.c ****   * @param  BufferLength: length of the buffer to be computed					
 104:./.ccls-cache/@home@carver@Documents@stm32_with_linux@recorde/Drivers@src@stm32f10x_crc.c ****   * @retval 32-bit CRC
 105:./.ccls-cache/@home@carver@Documents@stm32_with_linux@recorde/Drivers@src@stm32f10x_crc.c ****   */
 106:./.ccls-cache/@home@carver@Documents@stm32_with_linux@recorde/Drivers@src@stm32f10x_crc.c **** uint32_t CRC_CalcBlockCRC(uint32_t pBuffer[], uint32_t BufferLength)
 107:./.ccls-cache/@home@carver@Documents@stm32_with_linux@recorde/Drivers@src@stm32f10x_crc.c **** {
  88              		.loc 1 107 1 is_stmt 1 view -0
  89              		.cfi_startproc
  90              		@ args = 0, pretend = 0, frame = 0
  91              		@ frame_needed = 0, uses_anonymous_args = 0
  92              		@ link register save eliminated.
 108:./.ccls-cache/@home@carver@Documents@stm32_with_linux@recorde/Drivers@src@stm32f10x_crc.c ****   uint32_t index = 0;
  93              		.loc 1 108 3 view .LVU11
 109:./.ccls-cache/@home@carver@Documents@stm32_with_linux@recorde/Drivers@src@stm32f10x_crc.c ****   
 110:./.ccls-cache/@home@carver@Documents@stm32_with_linux@recorde/Drivers@src@stm32f10x_crc.c ****   for(index = 0; index < BufferLength; index++)
  94              		.loc 1 110 3 view .LVU12
  95              		.loc 1 110 13 is_stmt 0 view .LVU13
  96 0000 0023     		movs	r3, #0
  97              		.loc 1 110 3 view .LVU14
  98 0002 05E0     		b	.L8
  99              	.LVL3:
 100              	.L9:
 111:./.ccls-cache/@home@carver@Documents@stm32_with_linux@recorde/Drivers@src@stm32f10x_crc.c ****   {
 112:./.ccls-cache/@home@carver@Documents@stm32_with_linux@recorde/Drivers@src@stm32f10x_crc.c ****     CRC->DR = pBuffer[index];
 101              		.loc 1 112 5 is_stmt 1 view .LVU15
 102              		.loc 1 112 13 is_stmt 0 view .LVU16
 103 0004 054A     		ldr	r2, .L10
 104 0006 50F823C0 		ldr	ip, [r0, r3, lsl #2]
 105 000a C2F800C0 		str	ip, [r2]
 110:./.ccls-cache/@home@carver@Documents@stm32_with_linux@recorde/Drivers@src@stm32f10x_crc.c ****   {
 106              		.loc 1 110 45 is_stmt 1 discriminator 3 view .LVU17
 107 000e 0133     		adds	r3, r3, #1
 108              	.LVL4:
 109              	.L8:
 110:./.ccls-cache/@home@carver@Documents@stm32_with_linux@recorde/Drivers@src@stm32f10x_crc.c ****   {
 110              		.loc 1 110 24 discriminator 1 view .LVU18
 111 0010 8B42     		cmp	r3, r1
 112 0012 F7D3     		bcc	.L9
 113:./.ccls-cache/@home@carver@Documents@stm32_with_linux@recorde/Drivers@src@stm32f10x_crc.c ****   }
 114:./.ccls-cache/@home@carver@Documents@stm32_with_linux@recorde/Drivers@src@stm32f10x_crc.c ****   return (CRC->DR);
 113              		.loc 1 114 3 view .LVU19
 114              		.loc 1 114 14 is_stmt 0 view .LVU20
 115 0014 014B     		ldr	r3, .L10
 116              	.LVL5:
 117              		.loc 1 114 14 view .LVU21
ARM GAS  /tmp/ccYiVapV.s 			page 5


 118 0016 1868     		ldr	r0, [r3]
 119              	.LVL6:
 115:./.ccls-cache/@home@carver@Documents@stm32_with_linux@recorde/Drivers@src@stm32f10x_crc.c **** }
 120              		.loc 1 115 1 view .LVU22
 121 0018 7047     		bx	lr
 122              	.L11:
 123 001a 00BF     		.align	2
 124              	.L10:
 125 001c 00300240 		.word	1073885184
 126              		.cfi_endproc
 127              	.LFE31:
 129              		.section	.text.CRC_GetCRC,"ax",%progbits
 130              		.align	1
 131              		.global	CRC_GetCRC
 132              		.syntax unified
 133              		.thumb
 134              		.thumb_func
 136              	CRC_GetCRC:
 137              	.LFB32:
 116:./.ccls-cache/@home@carver@Documents@stm32_with_linux@recorde/Drivers@src@stm32f10x_crc.c **** 
 117:./.ccls-cache/@home@carver@Documents@stm32_with_linux@recorde/Drivers@src@stm32f10x_crc.c **** /**
 118:./.ccls-cache/@home@carver@Documents@stm32_with_linux@recorde/Drivers@src@stm32f10x_crc.c ****   * @brief  Returns the current CRC value.
 119:./.ccls-cache/@home@carver@Documents@stm32_with_linux@recorde/Drivers@src@stm32f10x_crc.c ****   * @param  None
 120:./.ccls-cache/@home@carver@Documents@stm32_with_linux@recorde/Drivers@src@stm32f10x_crc.c ****   * @retval 32-bit CRC
 121:./.ccls-cache/@home@carver@Documents@stm32_with_linux@recorde/Drivers@src@stm32f10x_crc.c ****   */
 122:./.ccls-cache/@home@carver@Documents@stm32_with_linux@recorde/Drivers@src@stm32f10x_crc.c **** uint32_t CRC_GetCRC(void)
 123:./.ccls-cache/@home@carver@Documents@stm32_with_linux@recorde/Drivers@src@stm32f10x_crc.c **** {
 138              		.loc 1 123 1 is_stmt 1 view -0
 139              		.cfi_startproc
 140              		@ args = 0, pretend = 0, frame = 0
 141              		@ frame_needed = 0, uses_anonymous_args = 0
 142              		@ link register save eliminated.
 124:./.ccls-cache/@home@carver@Documents@stm32_with_linux@recorde/Drivers@src@stm32f10x_crc.c ****   return (CRC->DR);
 143              		.loc 1 124 3 view .LVU24
 144              		.loc 1 124 14 is_stmt 0 view .LVU25
 145 0000 014B     		ldr	r3, .L13
 146 0002 1868     		ldr	r0, [r3]
 125:./.ccls-cache/@home@carver@Documents@stm32_with_linux@recorde/Drivers@src@stm32f10x_crc.c **** }
 147              		.loc 1 125 1 view .LVU26
 148 0004 7047     		bx	lr
 149              	.L14:
 150 0006 00BF     		.align	2
 151              	.L13:
 152 0008 00300240 		.word	1073885184
 153              		.cfi_endproc
 154              	.LFE32:
 156              		.section	.text.CRC_SetIDRegister,"ax",%progbits
 157              		.align	1
 158              		.global	CRC_SetIDRegister
 159              		.syntax unified
 160              		.thumb
 161              		.thumb_func
 163              	CRC_SetIDRegister:
 164              	.LVL7:
 165              	.LFB33:
 126:./.ccls-cache/@home@carver@Documents@stm32_with_linux@recorde/Drivers@src@stm32f10x_crc.c **** 
 127:./.ccls-cache/@home@carver@Documents@stm32_with_linux@recorde/Drivers@src@stm32f10x_crc.c **** /**
ARM GAS  /tmp/ccYiVapV.s 			page 6


 128:./.ccls-cache/@home@carver@Documents@stm32_with_linux@recorde/Drivers@src@stm32f10x_crc.c ****   * @brief  Stores a 8-bit data in the Independent Data(ID) register.
 129:./.ccls-cache/@home@carver@Documents@stm32_with_linux@recorde/Drivers@src@stm32f10x_crc.c ****   * @param  IDValue: 8-bit value to be stored in the ID register 					
 130:./.ccls-cache/@home@carver@Documents@stm32_with_linux@recorde/Drivers@src@stm32f10x_crc.c ****   * @retval None
 131:./.ccls-cache/@home@carver@Documents@stm32_with_linux@recorde/Drivers@src@stm32f10x_crc.c ****   */
 132:./.ccls-cache/@home@carver@Documents@stm32_with_linux@recorde/Drivers@src@stm32f10x_crc.c **** void CRC_SetIDRegister(uint8_t IDValue)
 133:./.ccls-cache/@home@carver@Documents@stm32_with_linux@recorde/Drivers@src@stm32f10x_crc.c **** {
 166              		.loc 1 133 1 is_stmt 1 view -0
 167              		.cfi_startproc
 168              		@ args = 0, pretend = 0, frame = 0
 169              		@ frame_needed = 0, uses_anonymous_args = 0
 170              		@ link register save eliminated.
 134:./.ccls-cache/@home@carver@Documents@stm32_with_linux@recorde/Drivers@src@stm32f10x_crc.c ****   CRC->IDR = IDValue;
 171              		.loc 1 134 3 view .LVU28
 172              		.loc 1 134 12 is_stmt 0 view .LVU29
 173 0000 014B     		ldr	r3, .L16
 174 0002 1871     		strb	r0, [r3, #4]
 135:./.ccls-cache/@home@carver@Documents@stm32_with_linux@recorde/Drivers@src@stm32f10x_crc.c **** }
 175              		.loc 1 135 1 view .LVU30
 176 0004 7047     		bx	lr
 177              	.L17:
 178 0006 00BF     		.align	2
 179              	.L16:
 180 0008 00300240 		.word	1073885184
 181              		.cfi_endproc
 182              	.LFE33:
 184              		.section	.text.CRC_GetIDRegister,"ax",%progbits
 185              		.align	1
 186              		.global	CRC_GetIDRegister
 187              		.syntax unified
 188              		.thumb
 189              		.thumb_func
 191              	CRC_GetIDRegister:
 192              	.LFB34:
 136:./.ccls-cache/@home@carver@Documents@stm32_with_linux@recorde/Drivers@src@stm32f10x_crc.c **** 
 137:./.ccls-cache/@home@carver@Documents@stm32_with_linux@recorde/Drivers@src@stm32f10x_crc.c **** /**
 138:./.ccls-cache/@home@carver@Documents@stm32_with_linux@recorde/Drivers@src@stm32f10x_crc.c ****   * @brief  Returns the 8-bit data stored in the Independent Data(ID) register
 139:./.ccls-cache/@home@carver@Documents@stm32_with_linux@recorde/Drivers@src@stm32f10x_crc.c ****   * @param  None
 140:./.ccls-cache/@home@carver@Documents@stm32_with_linux@recorde/Drivers@src@stm32f10x_crc.c ****   * @retval 8-bit value of the ID register 
 141:./.ccls-cache/@home@carver@Documents@stm32_with_linux@recorde/Drivers@src@stm32f10x_crc.c ****   */
 142:./.ccls-cache/@home@carver@Documents@stm32_with_linux@recorde/Drivers@src@stm32f10x_crc.c **** uint8_t CRC_GetIDRegister(void)
 143:./.ccls-cache/@home@carver@Documents@stm32_with_linux@recorde/Drivers@src@stm32f10x_crc.c **** {
 193              		.loc 1 143 1 is_stmt 1 view -0
 194              		.cfi_startproc
 195              		@ args = 0, pretend = 0, frame = 0
 196              		@ frame_needed = 0, uses_anonymous_args = 0
 197              		@ link register save eliminated.
 144:./.ccls-cache/@home@carver@Documents@stm32_with_linux@recorde/Drivers@src@stm32f10x_crc.c ****   return (CRC->IDR);
 198              		.loc 1 144 3 view .LVU32
 199              		.loc 1 144 14 is_stmt 0 view .LVU33
 200 0000 014B     		ldr	r3, .L19
 201 0002 1879     		ldrb	r0, [r3, #4]	@ zero_extendqisi2
 145:./.ccls-cache/@home@carver@Documents@stm32_with_linux@recorde/Drivers@src@stm32f10x_crc.c **** }
 202              		.loc 1 145 1 view .LVU34
 203 0004 7047     		bx	lr
 204              	.L20:
 205 0006 00BF     		.align	2
 206              	.L19:
ARM GAS  /tmp/ccYiVapV.s 			page 7


 207 0008 00300240 		.word	1073885184
 208              		.cfi_endproc
 209              	.LFE34:
 211              		.text
 212              	.Letext0:
 213              		.file 2 "/usr/arm-none-eabi/include/machine/_default_types.h"
 214              		.file 3 "/usr/arm-none-eabi/include/sys/_stdint.h"
 215              		.file 4 "cmsis/stm32f10x.h"
ARM GAS  /tmp/ccYiVapV.s 			page 8


DEFINED SYMBOLS
                            *ABS*:00000000 Drivers@src@stm32f10x_crc.c
     /tmp/ccYiVapV.s:19     .text.CRC_ResetDR:00000000 $t
     /tmp/ccYiVapV.s:25     .text.CRC_ResetDR:00000000 CRC_ResetDR
     /tmp/ccYiVapV.s:42     .text.CRC_ResetDR:00000008 $d
     /tmp/ccYiVapV.s:47     .text.CRC_CalcCRC:00000000 $t
     /tmp/ccYiVapV.s:53     .text.CRC_CalcCRC:00000000 CRC_CalcCRC
     /tmp/ccYiVapV.s:74     .text.CRC_CalcCRC:00000008 $d
     /tmp/ccYiVapV.s:79     .text.CRC_CalcBlockCRC:00000000 $t
     /tmp/ccYiVapV.s:85     .text.CRC_CalcBlockCRC:00000000 CRC_CalcBlockCRC
     /tmp/ccYiVapV.s:125    .text.CRC_CalcBlockCRC:0000001c $d
     /tmp/ccYiVapV.s:130    .text.CRC_GetCRC:00000000 $t
     /tmp/ccYiVapV.s:136    .text.CRC_GetCRC:00000000 CRC_GetCRC
     /tmp/ccYiVapV.s:152    .text.CRC_GetCRC:00000008 $d
     /tmp/ccYiVapV.s:157    .text.CRC_SetIDRegister:00000000 $t
     /tmp/ccYiVapV.s:163    .text.CRC_SetIDRegister:00000000 CRC_SetIDRegister
     /tmp/ccYiVapV.s:180    .text.CRC_SetIDRegister:00000008 $d
     /tmp/ccYiVapV.s:185    .text.CRC_GetIDRegister:00000000 $t
     /tmp/ccYiVapV.s:191    .text.CRC_GetIDRegister:00000000 CRC_GetIDRegister
     /tmp/ccYiVapV.s:207    .text.CRC_GetIDRegister:00000008 $d

NO UNDEFINED SYMBOLS
