ARM GAS  /tmp/cclE5CBb.s 			page 1


   1              		.cpu cortex-m3
   2              		.arch armv7-m
   3              		.fpu softvfp
   4              		.eabi_attribute 20, 1
   5              		.eabi_attribute 21, 1
   6              		.eabi_attribute 23, 3
   7              		.eabi_attribute 24, 1
   8              		.eabi_attribute 25, 1
   9              		.eabi_attribute 26, 1
  10              		.eabi_attribute 30, 1
  11              		.eabi_attribute 34, 1
  12              		.eabi_attribute 18, 4
  13              		.file	"source@stm32f10x_it.c"
  14              		.text
  15              	.Ltext0:
  16              		.cfi_sections	.debug_frame
  17              		.file 1 "./.ccls-cache/@home@carver@Documents@stm32_with_linux@recorde/source@stm32f10x_it.c"
  18              		.section	.text.NMI_Handler,"ax",%progbits
  19              		.align	1
  20              		.global	NMI_Handler
  21              		.syntax unified
  22              		.thumb
  23              		.thumb_func
  25              	NMI_Handler:
  26              	.LFB29:
   1:./.ccls-cache/@home@carver@Documents@stm32_with_linux@recorde/source@stm32f10x_it.c **** /**
   2:./.ccls-cache/@home@carver@Documents@stm32_with_linux@recorde/source@stm32f10x_it.c ****   ******************************************************************************
   3:./.ccls-cache/@home@carver@Documents@stm32_with_linux@recorde/source@stm32f10x_it.c ****   * @file    GPIO/IOToggle/stm32f10x_it.c 
   4:./.ccls-cache/@home@carver@Documents@stm32_with_linux@recorde/source@stm32f10x_it.c ****   * @author  MCD Application Team
   5:./.ccls-cache/@home@carver@Documents@stm32_with_linux@recorde/source@stm32f10x_it.c ****   * @version V3.6.0
   6:./.ccls-cache/@home@carver@Documents@stm32_with_linux@recorde/source@stm32f10x_it.c ****   * @date    20-September-2021
   7:./.ccls-cache/@home@carver@Documents@stm32_with_linux@recorde/source@stm32f10x_it.c ****   * @brief   Main Interrupt Service Routines.
   8:./.ccls-cache/@home@carver@Documents@stm32_with_linux@recorde/source@stm32f10x_it.c ****   *          This file provides template for all exceptions handler and peripherals
   9:./.ccls-cache/@home@carver@Documents@stm32_with_linux@recorde/source@stm32f10x_it.c ****   *          interrupt service routine.
  10:./.ccls-cache/@home@carver@Documents@stm32_with_linux@recorde/source@stm32f10x_it.c ****   ******************************************************************************
  11:./.ccls-cache/@home@carver@Documents@stm32_with_linux@recorde/source@stm32f10x_it.c ****   * @attention
  12:./.ccls-cache/@home@carver@Documents@stm32_with_linux@recorde/source@stm32f10x_it.c ****   *
  13:./.ccls-cache/@home@carver@Documents@stm32_with_linux@recorde/source@stm32f10x_it.c ****   * Copyright (c) 2011 STMicroelectronics.
  14:./.ccls-cache/@home@carver@Documents@stm32_with_linux@recorde/source@stm32f10x_it.c ****   * All rights reserved.
  15:./.ccls-cache/@home@carver@Documents@stm32_with_linux@recorde/source@stm32f10x_it.c ****   *
  16:./.ccls-cache/@home@carver@Documents@stm32_with_linux@recorde/source@stm32f10x_it.c ****   * This software is licensed under terms that can be found in the LICENSE file
  17:./.ccls-cache/@home@carver@Documents@stm32_with_linux@recorde/source@stm32f10x_it.c ****   * in the root directory of this software component.
  18:./.ccls-cache/@home@carver@Documents@stm32_with_linux@recorde/source@stm32f10x_it.c ****   * If no LICENSE file comes with this software, it is provided AS-IS.
  19:./.ccls-cache/@home@carver@Documents@stm32_with_linux@recorde/source@stm32f10x_it.c ****   *
  20:./.ccls-cache/@home@carver@Documents@stm32_with_linux@recorde/source@stm32f10x_it.c ****   ******************************************************************************
  21:./.ccls-cache/@home@carver@Documents@stm32_with_linux@recorde/source@stm32f10x_it.c ****   */
  22:./.ccls-cache/@home@carver@Documents@stm32_with_linux@recorde/source@stm32f10x_it.c **** 
  23:./.ccls-cache/@home@carver@Documents@stm32_with_linux@recorde/source@stm32f10x_it.c **** /* Includes ------------------------------------------------------------------*/
  24:./.ccls-cache/@home@carver@Documents@stm32_with_linux@recorde/source@stm32f10x_it.c **** #include "stm32f10x_it.h"
  25:./.ccls-cache/@home@carver@Documents@stm32_with_linux@recorde/source@stm32f10x_it.c **** 
  26:./.ccls-cache/@home@carver@Documents@stm32_with_linux@recorde/source@stm32f10x_it.c **** /** @addtogroup STM32F10x_StdPeriph_Examples
  27:./.ccls-cache/@home@carver@Documents@stm32_with_linux@recorde/source@stm32f10x_it.c ****   * @{
  28:./.ccls-cache/@home@carver@Documents@stm32_with_linux@recorde/source@stm32f10x_it.c ****   */
  29:./.ccls-cache/@home@carver@Documents@stm32_with_linux@recorde/source@stm32f10x_it.c **** 
  30:./.ccls-cache/@home@carver@Documents@stm32_with_linux@recorde/source@stm32f10x_it.c **** /** @addtogroup GPIO_IOToggle
  31:./.ccls-cache/@home@carver@Documents@stm32_with_linux@recorde/source@stm32f10x_it.c ****   * @{
  32:./.ccls-cache/@home@carver@Documents@stm32_with_linux@recorde/source@stm32f10x_it.c ****   */
ARM GAS  /tmp/cclE5CBb.s 			page 2


  33:./.ccls-cache/@home@carver@Documents@stm32_with_linux@recorde/source@stm32f10x_it.c **** 
  34:./.ccls-cache/@home@carver@Documents@stm32_with_linux@recorde/source@stm32f10x_it.c **** /* Private typedef -----------------------------------------------------------*/
  35:./.ccls-cache/@home@carver@Documents@stm32_with_linux@recorde/source@stm32f10x_it.c **** /* Private define ------------------------------------------------------------*/
  36:./.ccls-cache/@home@carver@Documents@stm32_with_linux@recorde/source@stm32f10x_it.c **** /* Private macro -------------------------------------------------------------*/
  37:./.ccls-cache/@home@carver@Documents@stm32_with_linux@recorde/source@stm32f10x_it.c **** /* Private variables ---------------------------------------------------------*/
  38:./.ccls-cache/@home@carver@Documents@stm32_with_linux@recorde/source@stm32f10x_it.c **** /* Private function prototypes -----------------------------------------------*/
  39:./.ccls-cache/@home@carver@Documents@stm32_with_linux@recorde/source@stm32f10x_it.c **** /* Private functions ---------------------------------------------------------*/
  40:./.ccls-cache/@home@carver@Documents@stm32_with_linux@recorde/source@stm32f10x_it.c **** 
  41:./.ccls-cache/@home@carver@Documents@stm32_with_linux@recorde/source@stm32f10x_it.c **** /******************************************************************************/
  42:./.ccls-cache/@home@carver@Documents@stm32_with_linux@recorde/source@stm32f10x_it.c **** /*            Cortex-M3 Processor Exceptions Handlers                         */
  43:./.ccls-cache/@home@carver@Documents@stm32_with_linux@recorde/source@stm32f10x_it.c **** /******************************************************************************/
  44:./.ccls-cache/@home@carver@Documents@stm32_with_linux@recorde/source@stm32f10x_it.c **** 
  45:./.ccls-cache/@home@carver@Documents@stm32_with_linux@recorde/source@stm32f10x_it.c **** /**
  46:./.ccls-cache/@home@carver@Documents@stm32_with_linux@recorde/source@stm32f10x_it.c ****   * @brief  This function handles NMI exception.
  47:./.ccls-cache/@home@carver@Documents@stm32_with_linux@recorde/source@stm32f10x_it.c ****   * @param  None
  48:./.ccls-cache/@home@carver@Documents@stm32_with_linux@recorde/source@stm32f10x_it.c ****   * @retval None
  49:./.ccls-cache/@home@carver@Documents@stm32_with_linux@recorde/source@stm32f10x_it.c ****   */
  50:./.ccls-cache/@home@carver@Documents@stm32_with_linux@recorde/source@stm32f10x_it.c **** void NMI_Handler(void)
  51:./.ccls-cache/@home@carver@Documents@stm32_with_linux@recorde/source@stm32f10x_it.c **** {
  27              		.loc 1 51 1 view -0
  28              		.cfi_startproc
  29              		@ args = 0, pretend = 0, frame = 0
  30              		@ frame_needed = 0, uses_anonymous_args = 0
  31              		@ link register save eliminated.
  52:./.ccls-cache/@home@carver@Documents@stm32_with_linux@recorde/source@stm32f10x_it.c **** }
  32              		.loc 1 52 1 view .LVU1
  33 0000 7047     		bx	lr
  34              		.cfi_endproc
  35              	.LFE29:
  37              		.section	.text.HardFault_Handler,"ax",%progbits
  38              		.align	1
  39              		.global	HardFault_Handler
  40              		.syntax unified
  41              		.thumb
  42              		.thumb_func
  44              	HardFault_Handler:
  45              	.LFB30:
  53:./.ccls-cache/@home@carver@Documents@stm32_with_linux@recorde/source@stm32f10x_it.c **** 
  54:./.ccls-cache/@home@carver@Documents@stm32_with_linux@recorde/source@stm32f10x_it.c **** /**
  55:./.ccls-cache/@home@carver@Documents@stm32_with_linux@recorde/source@stm32f10x_it.c ****   * @brief  This function handles Hard Fault exception.
  56:./.ccls-cache/@home@carver@Documents@stm32_with_linux@recorde/source@stm32f10x_it.c ****   * @param  None
  57:./.ccls-cache/@home@carver@Documents@stm32_with_linux@recorde/source@stm32f10x_it.c ****   * @retval None
  58:./.ccls-cache/@home@carver@Documents@stm32_with_linux@recorde/source@stm32f10x_it.c ****   */
  59:./.ccls-cache/@home@carver@Documents@stm32_with_linux@recorde/source@stm32f10x_it.c **** void HardFault_Handler(void)
  60:./.ccls-cache/@home@carver@Documents@stm32_with_linux@recorde/source@stm32f10x_it.c **** {
  46              		.loc 1 60 1 view -0
  47              		.cfi_startproc
  48              		@ Volatile: function does not return.
  49              		@ args = 0, pretend = 0, frame = 0
  50              		@ frame_needed = 0, uses_anonymous_args = 0
  51              		@ link register save eliminated.
  52              	.L3:
  61:./.ccls-cache/@home@carver@Documents@stm32_with_linux@recorde/source@stm32f10x_it.c ****   /* Go to infinite loop when Hard Fault exception occurs */
  62:./.ccls-cache/@home@carver@Documents@stm32_with_linux@recorde/source@stm32f10x_it.c ****   while (1)
  53              		.loc 1 62 3 view .LVU3
  63:./.ccls-cache/@home@carver@Documents@stm32_with_linux@recorde/source@stm32f10x_it.c ****   {
  64:./.ccls-cache/@home@carver@Documents@stm32_with_linux@recorde/source@stm32f10x_it.c ****   }
ARM GAS  /tmp/cclE5CBb.s 			page 3


  54              		.loc 1 64 3 view .LVU4
  62:./.ccls-cache/@home@carver@Documents@stm32_with_linux@recorde/source@stm32f10x_it.c ****   {
  55              		.loc 1 62 9 view .LVU5
  56 0000 FEE7     		b	.L3
  57              		.cfi_endproc
  58              	.LFE30:
  60              		.section	.text.MemManage_Handler,"ax",%progbits
  61              		.align	1
  62              		.global	MemManage_Handler
  63              		.syntax unified
  64              		.thumb
  65              		.thumb_func
  67              	MemManage_Handler:
  68              	.LFB31:
  65:./.ccls-cache/@home@carver@Documents@stm32_with_linux@recorde/source@stm32f10x_it.c **** }
  66:./.ccls-cache/@home@carver@Documents@stm32_with_linux@recorde/source@stm32f10x_it.c **** 
  67:./.ccls-cache/@home@carver@Documents@stm32_with_linux@recorde/source@stm32f10x_it.c **** /**
  68:./.ccls-cache/@home@carver@Documents@stm32_with_linux@recorde/source@stm32f10x_it.c ****   * @brief  This function handles Memory Manage exception.
  69:./.ccls-cache/@home@carver@Documents@stm32_with_linux@recorde/source@stm32f10x_it.c ****   * @param  None
  70:./.ccls-cache/@home@carver@Documents@stm32_with_linux@recorde/source@stm32f10x_it.c ****   * @retval None
  71:./.ccls-cache/@home@carver@Documents@stm32_with_linux@recorde/source@stm32f10x_it.c ****   */
  72:./.ccls-cache/@home@carver@Documents@stm32_with_linux@recorde/source@stm32f10x_it.c **** void MemManage_Handler(void)
  73:./.ccls-cache/@home@carver@Documents@stm32_with_linux@recorde/source@stm32f10x_it.c **** {
  69              		.loc 1 73 1 view -0
  70              		.cfi_startproc
  71              		@ Volatile: function does not return.
  72              		@ args = 0, pretend = 0, frame = 0
  73              		@ frame_needed = 0, uses_anonymous_args = 0
  74              		@ link register save eliminated.
  75              	.L5:
  74:./.ccls-cache/@home@carver@Documents@stm32_with_linux@recorde/source@stm32f10x_it.c ****   /* Go to infinite loop when Memory Manage exception occurs */
  75:./.ccls-cache/@home@carver@Documents@stm32_with_linux@recorde/source@stm32f10x_it.c ****   while (1)
  76              		.loc 1 75 3 view .LVU7
  76:./.ccls-cache/@home@carver@Documents@stm32_with_linux@recorde/source@stm32f10x_it.c ****   {
  77:./.ccls-cache/@home@carver@Documents@stm32_with_linux@recorde/source@stm32f10x_it.c ****   }
  77              		.loc 1 77 3 view .LVU8
  75:./.ccls-cache/@home@carver@Documents@stm32_with_linux@recorde/source@stm32f10x_it.c ****   {
  78              		.loc 1 75 9 view .LVU9
  79 0000 FEE7     		b	.L5
  80              		.cfi_endproc
  81              	.LFE31:
  83              		.section	.text.BusFault_Handler,"ax",%progbits
  84              		.align	1
  85              		.global	BusFault_Handler
  86              		.syntax unified
  87              		.thumb
  88              		.thumb_func
  90              	BusFault_Handler:
  91              	.LFB32:
  78:./.ccls-cache/@home@carver@Documents@stm32_with_linux@recorde/source@stm32f10x_it.c **** }
  79:./.ccls-cache/@home@carver@Documents@stm32_with_linux@recorde/source@stm32f10x_it.c **** 
  80:./.ccls-cache/@home@carver@Documents@stm32_with_linux@recorde/source@stm32f10x_it.c **** /**
  81:./.ccls-cache/@home@carver@Documents@stm32_with_linux@recorde/source@stm32f10x_it.c ****   * @brief  This function handles Bus Fault exception.
  82:./.ccls-cache/@home@carver@Documents@stm32_with_linux@recorde/source@stm32f10x_it.c ****   * @param  None
  83:./.ccls-cache/@home@carver@Documents@stm32_with_linux@recorde/source@stm32f10x_it.c ****   * @retval None
  84:./.ccls-cache/@home@carver@Documents@stm32_with_linux@recorde/source@stm32f10x_it.c ****   */
  85:./.ccls-cache/@home@carver@Documents@stm32_with_linux@recorde/source@stm32f10x_it.c **** void BusFault_Handler(void)
ARM GAS  /tmp/cclE5CBb.s 			page 4


  86:./.ccls-cache/@home@carver@Documents@stm32_with_linux@recorde/source@stm32f10x_it.c **** {
  92              		.loc 1 86 1 view -0
  93              		.cfi_startproc
  94              		@ Volatile: function does not return.
  95              		@ args = 0, pretend = 0, frame = 0
  96              		@ frame_needed = 0, uses_anonymous_args = 0
  97              		@ link register save eliminated.
  98              	.L7:
  87:./.ccls-cache/@home@carver@Documents@stm32_with_linux@recorde/source@stm32f10x_it.c ****   /* Go to infinite loop when Bus Fault exception occurs */
  88:./.ccls-cache/@home@carver@Documents@stm32_with_linux@recorde/source@stm32f10x_it.c ****   while (1)
  99              		.loc 1 88 3 view .LVU11
  89:./.ccls-cache/@home@carver@Documents@stm32_with_linux@recorde/source@stm32f10x_it.c ****   {
  90:./.ccls-cache/@home@carver@Documents@stm32_with_linux@recorde/source@stm32f10x_it.c ****   }
 100              		.loc 1 90 3 view .LVU12
  88:./.ccls-cache/@home@carver@Documents@stm32_with_linux@recorde/source@stm32f10x_it.c ****   {
 101              		.loc 1 88 9 view .LVU13
 102 0000 FEE7     		b	.L7
 103              		.cfi_endproc
 104              	.LFE32:
 106              		.section	.text.UsageFault_Handler,"ax",%progbits
 107              		.align	1
 108              		.global	UsageFault_Handler
 109              		.syntax unified
 110              		.thumb
 111              		.thumb_func
 113              	UsageFault_Handler:
 114              	.LFB33:
  91:./.ccls-cache/@home@carver@Documents@stm32_with_linux@recorde/source@stm32f10x_it.c **** }
  92:./.ccls-cache/@home@carver@Documents@stm32_with_linux@recorde/source@stm32f10x_it.c **** 
  93:./.ccls-cache/@home@carver@Documents@stm32_with_linux@recorde/source@stm32f10x_it.c **** /**
  94:./.ccls-cache/@home@carver@Documents@stm32_with_linux@recorde/source@stm32f10x_it.c ****   * @brief  This function handles Usage Fault exception.
  95:./.ccls-cache/@home@carver@Documents@stm32_with_linux@recorde/source@stm32f10x_it.c ****   * @param  None
  96:./.ccls-cache/@home@carver@Documents@stm32_with_linux@recorde/source@stm32f10x_it.c ****   * @retval None
  97:./.ccls-cache/@home@carver@Documents@stm32_with_linux@recorde/source@stm32f10x_it.c ****   */
  98:./.ccls-cache/@home@carver@Documents@stm32_with_linux@recorde/source@stm32f10x_it.c **** void UsageFault_Handler(void)
  99:./.ccls-cache/@home@carver@Documents@stm32_with_linux@recorde/source@stm32f10x_it.c **** {
 115              		.loc 1 99 1 view -0
 116              		.cfi_startproc
 117              		@ Volatile: function does not return.
 118              		@ args = 0, pretend = 0, frame = 0
 119              		@ frame_needed = 0, uses_anonymous_args = 0
 120              		@ link register save eliminated.
 121              	.L9:
 100:./.ccls-cache/@home@carver@Documents@stm32_with_linux@recorde/source@stm32f10x_it.c ****   /* Go to infinite loop when Usage Fault exception occurs */
 101:./.ccls-cache/@home@carver@Documents@stm32_with_linux@recorde/source@stm32f10x_it.c ****   while (1)
 122              		.loc 1 101 3 view .LVU15
 102:./.ccls-cache/@home@carver@Documents@stm32_with_linux@recorde/source@stm32f10x_it.c ****   {
 103:./.ccls-cache/@home@carver@Documents@stm32_with_linux@recorde/source@stm32f10x_it.c ****   }
 123              		.loc 1 103 3 view .LVU16
 101:./.ccls-cache/@home@carver@Documents@stm32_with_linux@recorde/source@stm32f10x_it.c ****   {
 124              		.loc 1 101 9 view .LVU17
 125 0000 FEE7     		b	.L9
 126              		.cfi_endproc
 127              	.LFE33:
 129              		.section	.text.SVC_Handler,"ax",%progbits
 130              		.align	1
 131              		.global	SVC_Handler
ARM GAS  /tmp/cclE5CBb.s 			page 5


 132              		.syntax unified
 133              		.thumb
 134              		.thumb_func
 136              	SVC_Handler:
 137              	.LFB34:
 104:./.ccls-cache/@home@carver@Documents@stm32_with_linux@recorde/source@stm32f10x_it.c **** }
 105:./.ccls-cache/@home@carver@Documents@stm32_with_linux@recorde/source@stm32f10x_it.c **** 
 106:./.ccls-cache/@home@carver@Documents@stm32_with_linux@recorde/source@stm32f10x_it.c **** /**
 107:./.ccls-cache/@home@carver@Documents@stm32_with_linux@recorde/source@stm32f10x_it.c ****   * @brief  This function handles SVCall exception.
 108:./.ccls-cache/@home@carver@Documents@stm32_with_linux@recorde/source@stm32f10x_it.c ****   * @param  None
 109:./.ccls-cache/@home@carver@Documents@stm32_with_linux@recorde/source@stm32f10x_it.c ****   * @retval None
 110:./.ccls-cache/@home@carver@Documents@stm32_with_linux@recorde/source@stm32f10x_it.c ****   */
 111:./.ccls-cache/@home@carver@Documents@stm32_with_linux@recorde/source@stm32f10x_it.c **** void SVC_Handler(void)
 112:./.ccls-cache/@home@carver@Documents@stm32_with_linux@recorde/source@stm32f10x_it.c **** {
 138              		.loc 1 112 1 view -0
 139              		.cfi_startproc
 140              		@ args = 0, pretend = 0, frame = 0
 141              		@ frame_needed = 0, uses_anonymous_args = 0
 142              		@ link register save eliminated.
 113:./.ccls-cache/@home@carver@Documents@stm32_with_linux@recorde/source@stm32f10x_it.c **** }
 143              		.loc 1 113 1 view .LVU19
 144 0000 7047     		bx	lr
 145              		.cfi_endproc
 146              	.LFE34:
 148              		.section	.text.DebugMon_Handler,"ax",%progbits
 149              		.align	1
 150              		.global	DebugMon_Handler
 151              		.syntax unified
 152              		.thumb
 153              		.thumb_func
 155              	DebugMon_Handler:
 156              	.LFB35:
 114:./.ccls-cache/@home@carver@Documents@stm32_with_linux@recorde/source@stm32f10x_it.c **** 
 115:./.ccls-cache/@home@carver@Documents@stm32_with_linux@recorde/source@stm32f10x_it.c **** /**
 116:./.ccls-cache/@home@carver@Documents@stm32_with_linux@recorde/source@stm32f10x_it.c ****   * @brief  This function handles Debug Monitor exception.
 117:./.ccls-cache/@home@carver@Documents@stm32_with_linux@recorde/source@stm32f10x_it.c ****   * @param  None
 118:./.ccls-cache/@home@carver@Documents@stm32_with_linux@recorde/source@stm32f10x_it.c ****   * @retval None
 119:./.ccls-cache/@home@carver@Documents@stm32_with_linux@recorde/source@stm32f10x_it.c ****   */
 120:./.ccls-cache/@home@carver@Documents@stm32_with_linux@recorde/source@stm32f10x_it.c **** void DebugMon_Handler(void)
 121:./.ccls-cache/@home@carver@Documents@stm32_with_linux@recorde/source@stm32f10x_it.c **** {
 157              		.loc 1 121 1 view -0
 158              		.cfi_startproc
 159              		@ args = 0, pretend = 0, frame = 0
 160              		@ frame_needed = 0, uses_anonymous_args = 0
 161              		@ link register save eliminated.
 122:./.ccls-cache/@home@carver@Documents@stm32_with_linux@recorde/source@stm32f10x_it.c **** }
 162              		.loc 1 122 1 view .LVU21
 163 0000 7047     		bx	lr
 164              		.cfi_endproc
 165              	.LFE35:
 167              		.section	.text.PendSV_Handler,"ax",%progbits
 168              		.align	1
 169              		.global	PendSV_Handler
 170              		.syntax unified
 171              		.thumb
 172              		.thumb_func
 174              	PendSV_Handler:
ARM GAS  /tmp/cclE5CBb.s 			page 6


 175              	.LFB36:
 123:./.ccls-cache/@home@carver@Documents@stm32_with_linux@recorde/source@stm32f10x_it.c **** 
 124:./.ccls-cache/@home@carver@Documents@stm32_with_linux@recorde/source@stm32f10x_it.c **** /**
 125:./.ccls-cache/@home@carver@Documents@stm32_with_linux@recorde/source@stm32f10x_it.c ****   * @brief  This function handles PendSV_Handler exception.
 126:./.ccls-cache/@home@carver@Documents@stm32_with_linux@recorde/source@stm32f10x_it.c ****   * @param  None
 127:./.ccls-cache/@home@carver@Documents@stm32_with_linux@recorde/source@stm32f10x_it.c ****   * @retval None
 128:./.ccls-cache/@home@carver@Documents@stm32_with_linux@recorde/source@stm32f10x_it.c ****   */
 129:./.ccls-cache/@home@carver@Documents@stm32_with_linux@recorde/source@stm32f10x_it.c **** void PendSV_Handler(void)
 130:./.ccls-cache/@home@carver@Documents@stm32_with_linux@recorde/source@stm32f10x_it.c **** {
 176              		.loc 1 130 1 view -0
 177              		.cfi_startproc
 178              		@ args = 0, pretend = 0, frame = 0
 179              		@ frame_needed = 0, uses_anonymous_args = 0
 180              		@ link register save eliminated.
 131:./.ccls-cache/@home@carver@Documents@stm32_with_linux@recorde/source@stm32f10x_it.c **** }
 181              		.loc 1 131 1 view .LVU23
 182 0000 7047     		bx	lr
 183              		.cfi_endproc
 184              	.LFE36:
 186              		.section	.text.SysTick_Handler,"ax",%progbits
 187              		.align	1
 188              		.global	SysTick_Handler
 189              		.syntax unified
 190              		.thumb
 191              		.thumb_func
 193              	SysTick_Handler:
 194              	.LFB37:
 132:./.ccls-cache/@home@carver@Documents@stm32_with_linux@recorde/source@stm32f10x_it.c **** 
 133:./.ccls-cache/@home@carver@Documents@stm32_with_linux@recorde/source@stm32f10x_it.c **** /**
 134:./.ccls-cache/@home@carver@Documents@stm32_with_linux@recorde/source@stm32f10x_it.c ****   * @brief  This function handles SysTick Handler.
 135:./.ccls-cache/@home@carver@Documents@stm32_with_linux@recorde/source@stm32f10x_it.c ****   * @param  None
 136:./.ccls-cache/@home@carver@Documents@stm32_with_linux@recorde/source@stm32f10x_it.c ****   * @retval None
 137:./.ccls-cache/@home@carver@Documents@stm32_with_linux@recorde/source@stm32f10x_it.c ****   */
 138:./.ccls-cache/@home@carver@Documents@stm32_with_linux@recorde/source@stm32f10x_it.c **** void SysTick_Handler(void)
 139:./.ccls-cache/@home@carver@Documents@stm32_with_linux@recorde/source@stm32f10x_it.c **** {
 195              		.loc 1 139 1 view -0
 196              		.cfi_startproc
 197              		@ args = 0, pretend = 0, frame = 0
 198              		@ frame_needed = 0, uses_anonymous_args = 0
 199              		@ link register save eliminated.
 140:./.ccls-cache/@home@carver@Documents@stm32_with_linux@recorde/source@stm32f10x_it.c **** }
 200              		.loc 1 140 1 view .LVU25
 201 0000 7047     		bx	lr
 202              		.cfi_endproc
 203              	.LFE37:
 205              		.text
 206              	.Letext0:
ARM GAS  /tmp/cclE5CBb.s 			page 7


DEFINED SYMBOLS
                            *ABS*:00000000 source@stm32f10x_it.c
     /tmp/cclE5CBb.s:19     .text.NMI_Handler:00000000 $t
     /tmp/cclE5CBb.s:25     .text.NMI_Handler:00000000 NMI_Handler
     /tmp/cclE5CBb.s:38     .text.HardFault_Handler:00000000 $t
     /tmp/cclE5CBb.s:44     .text.HardFault_Handler:00000000 HardFault_Handler
     /tmp/cclE5CBb.s:61     .text.MemManage_Handler:00000000 $t
     /tmp/cclE5CBb.s:67     .text.MemManage_Handler:00000000 MemManage_Handler
     /tmp/cclE5CBb.s:84     .text.BusFault_Handler:00000000 $t
     /tmp/cclE5CBb.s:90     .text.BusFault_Handler:00000000 BusFault_Handler
     /tmp/cclE5CBb.s:107    .text.UsageFault_Handler:00000000 $t
     /tmp/cclE5CBb.s:113    .text.UsageFault_Handler:00000000 UsageFault_Handler
     /tmp/cclE5CBb.s:130    .text.SVC_Handler:00000000 $t
     /tmp/cclE5CBb.s:136    .text.SVC_Handler:00000000 SVC_Handler
     /tmp/cclE5CBb.s:149    .text.DebugMon_Handler:00000000 $t
     /tmp/cclE5CBb.s:155    .text.DebugMon_Handler:00000000 DebugMon_Handler
     /tmp/cclE5CBb.s:168    .text.PendSV_Handler:00000000 $t
     /tmp/cclE5CBb.s:174    .text.PendSV_Handler:00000000 PendSV_Handler
     /tmp/cclE5CBb.s:187    .text.SysTick_Handler:00000000 $t
     /tmp/cclE5CBb.s:193    .text.SysTick_Handler:00000000 SysTick_Handler

NO UNDEFINED SYMBOLS
