ARM GAS  /tmp/ccQKbLx3.s 			page 1


   1              		.cpu cortex-m3
   2              		.arch armv7-m
   3              		.fpu softvfp
   4              		.eabi_attribute 20, 1
   5              		.eabi_attribute 21, 1
   6              		.eabi_attribute 23, 3
   7              		.eabi_attribute 24, 1
   8              		.eabi_attribute 25, 1
   9              		.eabi_attribute 26, 1
  10              		.eabi_attribute 30, 1
  11              		.eabi_attribute 34, 1
  12              		.eabi_attribute 18, 4
  13              		.file	"stm32f10x_rtc.c"
  14              		.text
  15              	.Ltext0:
  16              		.cfi_sections	.debug_frame
  17              		.file 1 "./Drivers/src/stm32f10x_rtc.c"
  18              		.section	.text.RTC_ITConfig,"ax",%progbits
  19              		.align	1
  20              		.global	RTC_ITConfig
  21              		.syntax unified
  22              		.thumb
  23              		.thumb_func
  25              	RTC_ITConfig:
  26              	.LVL0:
  27              	.LFB29:
   1:./Drivers/src/stm32f10x_rtc.c **** /**
   2:./Drivers/src/stm32f10x_rtc.c ****   ******************************************************************************
   3:./Drivers/src/stm32f10x_rtc.c ****   * @file    stm32f10x_rtc.c
   4:./Drivers/src/stm32f10x_rtc.c ****   * @author  MCD Application Team
   5:./Drivers/src/stm32f10x_rtc.c ****   * @version V3.6.2
   6:./Drivers/src/stm32f10x_rtc.c ****   * @date    17-September-2021
   7:./Drivers/src/stm32f10x_rtc.c ****   * @brief   This file provides all the RTC firmware functions.
   8:./Drivers/src/stm32f10x_rtc.c ****   ******************************************************************************
   9:./Drivers/src/stm32f10x_rtc.c ****   * @attention
  10:./Drivers/src/stm32f10x_rtc.c ****   *
  11:./Drivers/src/stm32f10x_rtc.c ****   * Copyright (c) 2012 STMicroelectronics.
  12:./Drivers/src/stm32f10x_rtc.c ****   * All rights reserved.
  13:./Drivers/src/stm32f10x_rtc.c ****   *
  14:./Drivers/src/stm32f10x_rtc.c ****   * This software is licensed under terms that can be found in the LICENSE file
  15:./Drivers/src/stm32f10x_rtc.c ****   * in the root directory of this software component.
  16:./Drivers/src/stm32f10x_rtc.c ****   * If no LICENSE file comes with this software, it is provided AS-IS.
  17:./Drivers/src/stm32f10x_rtc.c ****   *
  18:./Drivers/src/stm32f10x_rtc.c ****   ******************************************************************************
  19:./Drivers/src/stm32f10x_rtc.c ****   */
  20:./Drivers/src/stm32f10x_rtc.c **** 
  21:./Drivers/src/stm32f10x_rtc.c **** /* Includes ------------------------------------------------------------------*/
  22:./Drivers/src/stm32f10x_rtc.c **** #include "stm32f10x_rtc.h"
  23:./Drivers/src/stm32f10x_rtc.c **** 
  24:./Drivers/src/stm32f10x_rtc.c **** /** @addtogroup STM32F10x_StdPeriph_Driver
  25:./Drivers/src/stm32f10x_rtc.c ****   * @{
  26:./Drivers/src/stm32f10x_rtc.c ****   */
  27:./Drivers/src/stm32f10x_rtc.c **** 
  28:./Drivers/src/stm32f10x_rtc.c **** /** @defgroup RTC 
  29:./Drivers/src/stm32f10x_rtc.c ****   * @brief RTC driver modules
  30:./Drivers/src/stm32f10x_rtc.c ****   * @{
  31:./Drivers/src/stm32f10x_rtc.c ****   */
ARM GAS  /tmp/ccQKbLx3.s 			page 2


  32:./Drivers/src/stm32f10x_rtc.c **** 
  33:./Drivers/src/stm32f10x_rtc.c **** /** @defgroup RTC_Private_TypesDefinitions
  34:./Drivers/src/stm32f10x_rtc.c ****   * @{
  35:./Drivers/src/stm32f10x_rtc.c ****   */ 
  36:./Drivers/src/stm32f10x_rtc.c **** /**
  37:./Drivers/src/stm32f10x_rtc.c ****   * @}
  38:./Drivers/src/stm32f10x_rtc.c ****   */
  39:./Drivers/src/stm32f10x_rtc.c **** 
  40:./Drivers/src/stm32f10x_rtc.c **** /** @defgroup RTC_Private_Defines
  41:./Drivers/src/stm32f10x_rtc.c ****   * @{
  42:./Drivers/src/stm32f10x_rtc.c ****   */
  43:./Drivers/src/stm32f10x_rtc.c **** #define RTC_LSB_MASK     ((uint32_t)0x0000FFFF)  /*!< RTC LSB Mask */
  44:./Drivers/src/stm32f10x_rtc.c **** #define PRLH_MSB_MASK    ((uint32_t)0x000F0000)  /*!< RTC Prescaler MSB Mask */
  45:./Drivers/src/stm32f10x_rtc.c **** 
  46:./Drivers/src/stm32f10x_rtc.c **** /**
  47:./Drivers/src/stm32f10x_rtc.c ****   * @}
  48:./Drivers/src/stm32f10x_rtc.c ****   */
  49:./Drivers/src/stm32f10x_rtc.c **** 
  50:./Drivers/src/stm32f10x_rtc.c **** /** @defgroup RTC_Private_Macros
  51:./Drivers/src/stm32f10x_rtc.c ****   * @{
  52:./Drivers/src/stm32f10x_rtc.c ****   */
  53:./Drivers/src/stm32f10x_rtc.c **** 
  54:./Drivers/src/stm32f10x_rtc.c **** /**
  55:./Drivers/src/stm32f10x_rtc.c ****   * @}
  56:./Drivers/src/stm32f10x_rtc.c ****   */
  57:./Drivers/src/stm32f10x_rtc.c **** 
  58:./Drivers/src/stm32f10x_rtc.c **** /** @defgroup RTC_Private_Variables
  59:./Drivers/src/stm32f10x_rtc.c ****   * @{
  60:./Drivers/src/stm32f10x_rtc.c ****   */
  61:./Drivers/src/stm32f10x_rtc.c **** 
  62:./Drivers/src/stm32f10x_rtc.c **** /**
  63:./Drivers/src/stm32f10x_rtc.c ****   * @}
  64:./Drivers/src/stm32f10x_rtc.c ****   */
  65:./Drivers/src/stm32f10x_rtc.c **** 
  66:./Drivers/src/stm32f10x_rtc.c **** /** @defgroup RTC_Private_FunctionPrototypes
  67:./Drivers/src/stm32f10x_rtc.c ****   * @{
  68:./Drivers/src/stm32f10x_rtc.c ****   */
  69:./Drivers/src/stm32f10x_rtc.c **** 
  70:./Drivers/src/stm32f10x_rtc.c **** /**
  71:./Drivers/src/stm32f10x_rtc.c ****   * @}
  72:./Drivers/src/stm32f10x_rtc.c ****   */
  73:./Drivers/src/stm32f10x_rtc.c **** 
  74:./Drivers/src/stm32f10x_rtc.c **** /** @defgroup RTC_Private_Functions
  75:./Drivers/src/stm32f10x_rtc.c ****   * @{
  76:./Drivers/src/stm32f10x_rtc.c ****   */
  77:./Drivers/src/stm32f10x_rtc.c **** 
  78:./Drivers/src/stm32f10x_rtc.c **** /**
  79:./Drivers/src/stm32f10x_rtc.c ****   * @brief  Enables or disables the specified RTC interrupts.
  80:./Drivers/src/stm32f10x_rtc.c ****   * @param  RTC_IT: specifies the RTC interrupts sources to be enabled or disabled.
  81:./Drivers/src/stm32f10x_rtc.c ****   *   This parameter can be any combination of the following values:
  82:./Drivers/src/stm32f10x_rtc.c ****   *     @arg RTC_IT_OW: Overflow interrupt
  83:./Drivers/src/stm32f10x_rtc.c ****   *     @arg RTC_IT_ALR: Alarm interrupt
  84:./Drivers/src/stm32f10x_rtc.c ****   *     @arg RTC_IT_SEC: Second interrupt
  85:./Drivers/src/stm32f10x_rtc.c ****   * @param  NewState: new state of the specified RTC interrupts.
  86:./Drivers/src/stm32f10x_rtc.c ****   *   This parameter can be: ENABLE or DISABLE.
  87:./Drivers/src/stm32f10x_rtc.c ****   * @retval None
  88:./Drivers/src/stm32f10x_rtc.c ****   */
ARM GAS  /tmp/ccQKbLx3.s 			page 3


  89:./Drivers/src/stm32f10x_rtc.c **** void RTC_ITConfig(uint16_t RTC_IT, FunctionalState NewState)
  90:./Drivers/src/stm32f10x_rtc.c **** {
  28              		.loc 1 90 1 view -0
  29              		.cfi_startproc
  30              		@ args = 0, pretend = 0, frame = 0
  31              		@ frame_needed = 0, uses_anonymous_args = 0
  32              		@ link register save eliminated.
  91:./Drivers/src/stm32f10x_rtc.c ****   /* Check the parameters */
  92:./Drivers/src/stm32f10x_rtc.c ****   assert_param(IS_RTC_IT(RTC_IT));  
  33              		.loc 1 92 3 view .LVU1
  93:./Drivers/src/stm32f10x_rtc.c ****   assert_param(IS_FUNCTIONAL_STATE(NewState));
  34              		.loc 1 93 3 view .LVU2
  94:./Drivers/src/stm32f10x_rtc.c ****   
  95:./Drivers/src/stm32f10x_rtc.c ****   if (NewState != DISABLE)
  35              		.loc 1 95 3 view .LVU3
  36              		.loc 1 95 6 is_stmt 0 view .LVU4
  37 0000 29B1     		cbz	r1, .L2
  96:./Drivers/src/stm32f10x_rtc.c ****   {
  97:./Drivers/src/stm32f10x_rtc.c ****     RTC->CRH |= RTC_IT;
  38              		.loc 1 97 5 is_stmt 1 view .LVU5
  39              		.loc 1 97 8 is_stmt 0 view .LVU6
  40 0002 064A     		ldr	r2, .L4
  41 0004 1388     		ldrh	r3, [r2]
  42 0006 9BB2     		uxth	r3, r3
  43              		.loc 1 97 14 view .LVU7
  44 0008 0343     		orrs	r3, r3, r0
  45 000a 1380     		strh	r3, [r2]	@ movhi
  46 000c 7047     		bx	lr
  47              	.L2:
  98:./Drivers/src/stm32f10x_rtc.c ****   }
  99:./Drivers/src/stm32f10x_rtc.c ****   else
 100:./Drivers/src/stm32f10x_rtc.c ****   {
 101:./Drivers/src/stm32f10x_rtc.c ****     RTC->CRH &= (uint16_t)~RTC_IT;
  48              		.loc 1 101 5 is_stmt 1 view .LVU8
  49              		.loc 1 101 8 is_stmt 0 view .LVU9
  50 000e 034B     		ldr	r3, .L4
  51 0010 1A88     		ldrh	r2, [r3]
  52              		.loc 1 101 17 view .LVU10
  53 0012 C043     		mvns	r0, r0
  54              	.LVL1:
  55              		.loc 1 101 17 view .LVU11
  56 0014 80B2     		uxth	r0, r0
  57              		.loc 1 101 14 view .LVU12
  58 0016 1040     		ands	r0, r0, r2
  59 0018 1880     		strh	r0, [r3]	@ movhi
 102:./Drivers/src/stm32f10x_rtc.c ****   }
 103:./Drivers/src/stm32f10x_rtc.c **** }
  60              		.loc 1 103 1 view .LVU13
  61 001a 7047     		bx	lr
  62              	.L5:
  63              		.align	2
  64              	.L4:
  65 001c 00280040 		.word	1073752064
  66              		.cfi_endproc
  67              	.LFE29:
  69              		.section	.text.RTC_EnterConfigMode,"ax",%progbits
  70              		.align	1
ARM GAS  /tmp/ccQKbLx3.s 			page 4


  71              		.global	RTC_EnterConfigMode
  72              		.syntax unified
  73              		.thumb
  74              		.thumb_func
  76              	RTC_EnterConfigMode:
  77              	.LFB30:
 104:./Drivers/src/stm32f10x_rtc.c **** 
 105:./Drivers/src/stm32f10x_rtc.c **** /**
 106:./Drivers/src/stm32f10x_rtc.c ****   * @brief  Enters the RTC configuration mode.
 107:./Drivers/src/stm32f10x_rtc.c ****   * @param  None
 108:./Drivers/src/stm32f10x_rtc.c ****   * @retval None
 109:./Drivers/src/stm32f10x_rtc.c ****   */
 110:./Drivers/src/stm32f10x_rtc.c **** void RTC_EnterConfigMode(void)
 111:./Drivers/src/stm32f10x_rtc.c **** {
  78              		.loc 1 111 1 is_stmt 1 view -0
  79              		.cfi_startproc
  80              		@ args = 0, pretend = 0, frame = 0
  81              		@ frame_needed = 0, uses_anonymous_args = 0
  82              		@ link register save eliminated.
 112:./Drivers/src/stm32f10x_rtc.c ****   /* Set the CNF flag to enter in the Configuration Mode */
 113:./Drivers/src/stm32f10x_rtc.c ****   RTC->CRL |= RTC_CRL_CNF;
  83              		.loc 1 113 3 view .LVU15
  84              		.loc 1 113 6 is_stmt 0 view .LVU16
  85 0000 034A     		ldr	r2, .L7
  86 0002 9388     		ldrh	r3, [r2, #4]
  87 0004 9BB2     		uxth	r3, r3
  88              		.loc 1 113 12 view .LVU17
  89 0006 43F01003 		orr	r3, r3, #16
  90 000a 9380     		strh	r3, [r2, #4]	@ movhi
 114:./Drivers/src/stm32f10x_rtc.c **** }
  91              		.loc 1 114 1 view .LVU18
  92 000c 7047     		bx	lr
  93              	.L8:
  94 000e 00BF     		.align	2
  95              	.L7:
  96 0010 00280040 		.word	1073752064
  97              		.cfi_endproc
  98              	.LFE30:
 100              		.section	.text.RTC_ExitConfigMode,"ax",%progbits
 101              		.align	1
 102              		.global	RTC_ExitConfigMode
 103              		.syntax unified
 104              		.thumb
 105              		.thumb_func
 107              	RTC_ExitConfigMode:
 108              	.LFB31:
 115:./Drivers/src/stm32f10x_rtc.c **** 
 116:./Drivers/src/stm32f10x_rtc.c **** /**
 117:./Drivers/src/stm32f10x_rtc.c ****   * @brief  Exits from the RTC configuration mode.
 118:./Drivers/src/stm32f10x_rtc.c ****   * @param  None
 119:./Drivers/src/stm32f10x_rtc.c ****   * @retval None
 120:./Drivers/src/stm32f10x_rtc.c ****   */
 121:./Drivers/src/stm32f10x_rtc.c **** void RTC_ExitConfigMode(void)
 122:./Drivers/src/stm32f10x_rtc.c **** {
 109              		.loc 1 122 1 is_stmt 1 view -0
 110              		.cfi_startproc
 111              		@ args = 0, pretend = 0, frame = 0
ARM GAS  /tmp/ccQKbLx3.s 			page 5


 112              		@ frame_needed = 0, uses_anonymous_args = 0
 113              		@ link register save eliminated.
 123:./Drivers/src/stm32f10x_rtc.c ****   /* Reset the CNF flag to exit from the Configuration Mode */
 124:./Drivers/src/stm32f10x_rtc.c ****   RTC->CRL &= (uint16_t)~((uint16_t)RTC_CRL_CNF); 
 114              		.loc 1 124 3 view .LVU20
 115              		.loc 1 124 6 is_stmt 0 view .LVU21
 116 0000 034A     		ldr	r2, .L10
 117 0002 9388     		ldrh	r3, [r2, #4]
 118 0004 9BB2     		uxth	r3, r3
 119              		.loc 1 124 12 view .LVU22
 120 0006 23F01003 		bic	r3, r3, #16
 121 000a 9BB2     		uxth	r3, r3
 122 000c 9380     		strh	r3, [r2, #4]	@ movhi
 125:./Drivers/src/stm32f10x_rtc.c **** }
 123              		.loc 1 125 1 view .LVU23
 124 000e 7047     		bx	lr
 125              	.L11:
 126              		.align	2
 127              	.L10:
 128 0010 00280040 		.word	1073752064
 129              		.cfi_endproc
 130              	.LFE31:
 132              		.section	.text.RTC_GetCounter,"ax",%progbits
 133              		.align	1
 134              		.global	RTC_GetCounter
 135              		.syntax unified
 136              		.thumb
 137              		.thumb_func
 139              	RTC_GetCounter:
 140              	.LFB32:
 126:./Drivers/src/stm32f10x_rtc.c **** 
 127:./Drivers/src/stm32f10x_rtc.c **** /**
 128:./Drivers/src/stm32f10x_rtc.c ****   * @brief  Gets the RTC counter value.
 129:./Drivers/src/stm32f10x_rtc.c ****   * @param  None
 130:./Drivers/src/stm32f10x_rtc.c ****   * @retval RTC counter value.
 131:./Drivers/src/stm32f10x_rtc.c ****   */
 132:./Drivers/src/stm32f10x_rtc.c **** uint32_t RTC_GetCounter(void)
 133:./Drivers/src/stm32f10x_rtc.c **** {
 141              		.loc 1 133 1 is_stmt 1 view -0
 142              		.cfi_startproc
 143              		@ args = 0, pretend = 0, frame = 0
 144              		@ frame_needed = 0, uses_anonymous_args = 0
 145              		@ link register save eliminated.
 134:./Drivers/src/stm32f10x_rtc.c ****   uint16_t high1 = 0, high2 = 0, low = 0;
 146              		.loc 1 134 3 view .LVU25
 147              	.LVL2:
 135:./Drivers/src/stm32f10x_rtc.c **** 
 136:./Drivers/src/stm32f10x_rtc.c ****   high1 = RTC->CNTH;
 148              		.loc 1 136 3 view .LVU26
 149              		.loc 1 136 9 is_stmt 0 view .LVU27
 150 0000 084B     		ldr	r3, .L15
 151 0002 1A8B     		ldrh	r2, [r3, #24]
 152 0004 92B2     		uxth	r2, r2
 153              	.LVL3:
 137:./Drivers/src/stm32f10x_rtc.c ****   low   = RTC->CNTL;
 154              		.loc 1 137 3 is_stmt 1 view .LVU28
 155              		.loc 1 137 9 is_stmt 0 view .LVU29
ARM GAS  /tmp/ccQKbLx3.s 			page 6


 156 0006 988B     		ldrh	r0, [r3, #28]
 157 0008 80B2     		uxth	r0, r0
 158              	.LVL4:
 138:./Drivers/src/stm32f10x_rtc.c ****   high2 = RTC->CNTH;
 159              		.loc 1 138 3 is_stmt 1 view .LVU30
 160              		.loc 1 138 9 is_stmt 0 view .LVU31
 161 000a 1B8B     		ldrh	r3, [r3, #24]
 162 000c 9BB2     		uxth	r3, r3
 163              	.LVL5:
 139:./Drivers/src/stm32f10x_rtc.c **** 
 140:./Drivers/src/stm32f10x_rtc.c ****   if (high1 != high2)
 164              		.loc 1 140 3 is_stmt 1 view .LVU32
 165              		.loc 1 140 6 is_stmt 0 view .LVU33
 166 000e 9A42     		cmp	r2, r3
 167 0010 05D0     		beq	.L13
 141:./Drivers/src/stm32f10x_rtc.c ****   { /* In this case the counter roll over during reading of CNTL and CNTH registers, 
 142:./Drivers/src/stm32f10x_rtc.c ****        read again CNTL register then return the counter value */
 143:./Drivers/src/stm32f10x_rtc.c ****     return (((uint32_t) high2 << 16 ) | RTC->CNTL);
 168              		.loc 1 143 5 is_stmt 1 view .LVU34
 169              		.loc 1 143 44 is_stmt 0 view .LVU35
 170 0012 044A     		ldr	r2, .L15
 171              	.LVL6:
 172              		.loc 1 143 44 view .LVU36
 173 0014 908B     		ldrh	r0, [r2, #28]
 174              	.LVL7:
 175              		.loc 1 143 44 view .LVU37
 176 0016 80B2     		uxth	r0, r0
 177              		.loc 1 143 39 view .LVU38
 178 0018 40EA0340 		orr	r0, r0, r3, lsl #16
 179 001c 7047     		bx	lr
 180              	.LVL8:
 181              	.L13:
 144:./Drivers/src/stm32f10x_rtc.c ****   }
 145:./Drivers/src/stm32f10x_rtc.c ****   else
 146:./Drivers/src/stm32f10x_rtc.c ****   { /* No counter roll over during reading of CNTL and CNTH registers, counter 
 147:./Drivers/src/stm32f10x_rtc.c ****        value is equal to first value of CNTL and CNTH */
 148:./Drivers/src/stm32f10x_rtc.c ****     return (((uint32_t) high1 << 16 ) | low);
 182              		.loc 1 148 5 is_stmt 1 view .LVU39
 183              		.loc 1 148 39 is_stmt 0 view .LVU40
 184 001e 40EA0240 		orr	r0, r0, r2, lsl #16
 185              	.LVL9:
 149:./Drivers/src/stm32f10x_rtc.c ****   }
 150:./Drivers/src/stm32f10x_rtc.c **** }
 186              		.loc 1 150 1 view .LVU41
 187 0022 7047     		bx	lr
 188              	.L16:
 189              		.align	2
 190              	.L15:
 191 0024 00280040 		.word	1073752064
 192              		.cfi_endproc
 193              	.LFE32:
 195              		.section	.text.RTC_SetCounter,"ax",%progbits
 196              		.align	1
 197              		.global	RTC_SetCounter
 198              		.syntax unified
 199              		.thumb
 200              		.thumb_func
ARM GAS  /tmp/ccQKbLx3.s 			page 7


 202              	RTC_SetCounter:
 203              	.LVL10:
 204              	.LFB33:
 151:./Drivers/src/stm32f10x_rtc.c **** 
 152:./Drivers/src/stm32f10x_rtc.c **** /**
 153:./Drivers/src/stm32f10x_rtc.c ****   * @brief  Sets the RTC counter value.
 154:./Drivers/src/stm32f10x_rtc.c ****   * @param  CounterValue: RTC counter new value.
 155:./Drivers/src/stm32f10x_rtc.c ****   * @retval None
 156:./Drivers/src/stm32f10x_rtc.c ****   */
 157:./Drivers/src/stm32f10x_rtc.c **** void RTC_SetCounter(uint32_t CounterValue)
 158:./Drivers/src/stm32f10x_rtc.c **** { 
 205              		.loc 1 158 1 is_stmt 1 view -0
 206              		.cfi_startproc
 207              		@ args = 0, pretend = 0, frame = 0
 208              		@ frame_needed = 0, uses_anonymous_args = 0
 209              		.loc 1 158 1 is_stmt 0 view .LVU43
 210 0000 10B5     		push	{r4, lr}
 211              	.LCFI0:
 212              		.cfi_def_cfa_offset 8
 213              		.cfi_offset 4, -8
 214              		.cfi_offset 14, -4
 215 0002 0446     		mov	r4, r0
 159:./Drivers/src/stm32f10x_rtc.c ****   RTC_EnterConfigMode();
 216              		.loc 1 159 3 is_stmt 1 view .LVU44
 217 0004 FFF7FEFF 		bl	RTC_EnterConfigMode
 218              	.LVL11:
 160:./Drivers/src/stm32f10x_rtc.c ****   /* Set RTC COUNTER MSB word */
 161:./Drivers/src/stm32f10x_rtc.c ****   RTC->CNTH = CounterValue >> 16;
 219              		.loc 1 161 3 view .LVU45
 220              		.loc 1 161 13 is_stmt 0 view .LVU46
 221 0008 220C     		lsrs	r2, r4, #16
 222 000a 034B     		ldr	r3, .L19
 223 000c 1A83     		strh	r2, [r3, #24]	@ movhi
 162:./Drivers/src/stm32f10x_rtc.c ****   /* Set RTC COUNTER LSB word */
 163:./Drivers/src/stm32f10x_rtc.c ****   RTC->CNTL = (CounterValue & RTC_LSB_MASK);
 224              		.loc 1 163 3 is_stmt 1 view .LVU47
 225              		.loc 1 163 13 is_stmt 0 view .LVU48
 226 000e A4B2     		uxth	r4, r4
 227              	.LVL12:
 228              		.loc 1 163 13 view .LVU49
 229 0010 9C83     		strh	r4, [r3, #28]	@ movhi
 164:./Drivers/src/stm32f10x_rtc.c ****   RTC_ExitConfigMode();
 230              		.loc 1 164 3 is_stmt 1 view .LVU50
 231 0012 FFF7FEFF 		bl	RTC_ExitConfigMode
 232              	.LVL13:
 165:./Drivers/src/stm32f10x_rtc.c **** }
 233              		.loc 1 165 1 is_stmt 0 view .LVU51
 234 0016 10BD     		pop	{r4, pc}
 235              	.L20:
 236              		.align	2
 237              	.L19:
 238 0018 00280040 		.word	1073752064
 239              		.cfi_endproc
 240              	.LFE33:
 242              		.section	.text.RTC_SetPrescaler,"ax",%progbits
 243              		.align	1
 244              		.global	RTC_SetPrescaler
ARM GAS  /tmp/ccQKbLx3.s 			page 8


 245              		.syntax unified
 246              		.thumb
 247              		.thumb_func
 249              	RTC_SetPrescaler:
 250              	.LVL14:
 251              	.LFB34:
 166:./Drivers/src/stm32f10x_rtc.c **** 
 167:./Drivers/src/stm32f10x_rtc.c **** /**
 168:./Drivers/src/stm32f10x_rtc.c ****   * @brief  Sets the RTC prescaler value.
 169:./Drivers/src/stm32f10x_rtc.c ****   * @param  PrescalerValue: RTC prescaler new value.
 170:./Drivers/src/stm32f10x_rtc.c ****   * @retval None
 171:./Drivers/src/stm32f10x_rtc.c ****   */
 172:./Drivers/src/stm32f10x_rtc.c **** void RTC_SetPrescaler(uint32_t PrescalerValue)
 173:./Drivers/src/stm32f10x_rtc.c **** {
 252              		.loc 1 173 1 is_stmt 1 view -0
 253              		.cfi_startproc
 254              		@ args = 0, pretend = 0, frame = 0
 255              		@ frame_needed = 0, uses_anonymous_args = 0
 256              		.loc 1 173 1 is_stmt 0 view .LVU53
 257 0000 10B5     		push	{r4, lr}
 258              	.LCFI1:
 259              		.cfi_def_cfa_offset 8
 260              		.cfi_offset 4, -8
 261              		.cfi_offset 14, -4
 262 0002 0446     		mov	r4, r0
 174:./Drivers/src/stm32f10x_rtc.c ****   /* Check the parameters */
 175:./Drivers/src/stm32f10x_rtc.c ****   assert_param(IS_RTC_PRESCALER(PrescalerValue));
 263              		.loc 1 175 3 is_stmt 1 view .LVU54
 176:./Drivers/src/stm32f10x_rtc.c ****   
 177:./Drivers/src/stm32f10x_rtc.c ****   RTC_EnterConfigMode();
 264              		.loc 1 177 3 view .LVU55
 265 0004 FFF7FEFF 		bl	RTC_EnterConfigMode
 266              	.LVL15:
 178:./Drivers/src/stm32f10x_rtc.c ****   /* Set RTC PRESCALER MSB word */
 179:./Drivers/src/stm32f10x_rtc.c ****   RTC->PRLH = (PrescalerValue & PRLH_MSB_MASK) >> 16;
 267              		.loc 1 179 3 view .LVU56
 268              		.loc 1 179 48 is_stmt 0 view .LVU57
 269 0008 C4F30342 		ubfx	r2, r4, #16, #4
 270              		.loc 1 179 13 view .LVU58
 271 000c 034B     		ldr	r3, .L23
 272 000e 1A81     		strh	r2, [r3, #8]	@ movhi
 180:./Drivers/src/stm32f10x_rtc.c ****   /* Set RTC PRESCALER LSB word */
 181:./Drivers/src/stm32f10x_rtc.c ****   RTC->PRLL = (PrescalerValue & RTC_LSB_MASK);
 273              		.loc 1 181 3 is_stmt 1 view .LVU59
 274              		.loc 1 181 13 is_stmt 0 view .LVU60
 275 0010 A4B2     		uxth	r4, r4
 276              	.LVL16:
 277              		.loc 1 181 13 view .LVU61
 278 0012 9C81     		strh	r4, [r3, #12]	@ movhi
 182:./Drivers/src/stm32f10x_rtc.c ****   RTC_ExitConfigMode();
 279              		.loc 1 182 3 is_stmt 1 view .LVU62
 280 0014 FFF7FEFF 		bl	RTC_ExitConfigMode
 281              	.LVL17:
 183:./Drivers/src/stm32f10x_rtc.c **** }
 282              		.loc 1 183 1 is_stmt 0 view .LVU63
 283 0018 10BD     		pop	{r4, pc}
 284              	.L24:
ARM GAS  /tmp/ccQKbLx3.s 			page 9


 285 001a 00BF     		.align	2
 286              	.L23:
 287 001c 00280040 		.word	1073752064
 288              		.cfi_endproc
 289              	.LFE34:
 291              		.section	.text.RTC_SetAlarm,"ax",%progbits
 292              		.align	1
 293              		.global	RTC_SetAlarm
 294              		.syntax unified
 295              		.thumb
 296              		.thumb_func
 298              	RTC_SetAlarm:
 299              	.LVL18:
 300              	.LFB35:
 184:./Drivers/src/stm32f10x_rtc.c **** 
 185:./Drivers/src/stm32f10x_rtc.c **** /**
 186:./Drivers/src/stm32f10x_rtc.c ****   * @brief  Sets the RTC alarm value.
 187:./Drivers/src/stm32f10x_rtc.c ****   * @param  AlarmValue: RTC alarm new value.
 188:./Drivers/src/stm32f10x_rtc.c ****   * @retval None
 189:./Drivers/src/stm32f10x_rtc.c ****   */
 190:./Drivers/src/stm32f10x_rtc.c **** void RTC_SetAlarm(uint32_t AlarmValue)
 191:./Drivers/src/stm32f10x_rtc.c **** {  
 301              		.loc 1 191 1 is_stmt 1 view -0
 302              		.cfi_startproc
 303              		@ args = 0, pretend = 0, frame = 0
 304              		@ frame_needed = 0, uses_anonymous_args = 0
 305              		.loc 1 191 1 is_stmt 0 view .LVU65
 306 0000 10B5     		push	{r4, lr}
 307              	.LCFI2:
 308              		.cfi_def_cfa_offset 8
 309              		.cfi_offset 4, -8
 310              		.cfi_offset 14, -4
 311 0002 0446     		mov	r4, r0
 192:./Drivers/src/stm32f10x_rtc.c ****   RTC_EnterConfigMode();
 312              		.loc 1 192 3 is_stmt 1 view .LVU66
 313 0004 FFF7FEFF 		bl	RTC_EnterConfigMode
 314              	.LVL19:
 193:./Drivers/src/stm32f10x_rtc.c ****   /* Set the ALARM MSB word */
 194:./Drivers/src/stm32f10x_rtc.c ****   RTC->ALRH = AlarmValue >> 16;
 315              		.loc 1 194 3 view .LVU67
 316              		.loc 1 194 13 is_stmt 0 view .LVU68
 317 0008 220C     		lsrs	r2, r4, #16
 318 000a 034B     		ldr	r3, .L27
 319 000c 1A84     		strh	r2, [r3, #32]	@ movhi
 195:./Drivers/src/stm32f10x_rtc.c ****   /* Set the ALARM LSB word */
 196:./Drivers/src/stm32f10x_rtc.c ****   RTC->ALRL = (AlarmValue & RTC_LSB_MASK);
 320              		.loc 1 196 3 is_stmt 1 view .LVU69
 321              		.loc 1 196 13 is_stmt 0 view .LVU70
 322 000e A4B2     		uxth	r4, r4
 323              	.LVL20:
 324              		.loc 1 196 13 view .LVU71
 325 0010 9C84     		strh	r4, [r3, #36]	@ movhi
 197:./Drivers/src/stm32f10x_rtc.c ****   RTC_ExitConfigMode();
 326              		.loc 1 197 3 is_stmt 1 view .LVU72
 327 0012 FFF7FEFF 		bl	RTC_ExitConfigMode
 328              	.LVL21:
 198:./Drivers/src/stm32f10x_rtc.c **** }
ARM GAS  /tmp/ccQKbLx3.s 			page 10


 329              		.loc 1 198 1 is_stmt 0 view .LVU73
 330 0016 10BD     		pop	{r4, pc}
 331              	.L28:
 332              		.align	2
 333              	.L27:
 334 0018 00280040 		.word	1073752064
 335              		.cfi_endproc
 336              	.LFE35:
 338              		.section	.text.RTC_GetDivider,"ax",%progbits
 339              		.align	1
 340              		.global	RTC_GetDivider
 341              		.syntax unified
 342              		.thumb
 343              		.thumb_func
 345              	RTC_GetDivider:
 346              	.LFB36:
 199:./Drivers/src/stm32f10x_rtc.c **** 
 200:./Drivers/src/stm32f10x_rtc.c **** /**
 201:./Drivers/src/stm32f10x_rtc.c ****   * @brief  Gets the RTC divider value.
 202:./Drivers/src/stm32f10x_rtc.c ****   * @param  None
 203:./Drivers/src/stm32f10x_rtc.c ****   * @retval RTC Divider value.
 204:./Drivers/src/stm32f10x_rtc.c ****   */
 205:./Drivers/src/stm32f10x_rtc.c **** uint32_t RTC_GetDivider(void)
 206:./Drivers/src/stm32f10x_rtc.c **** {
 347              		.loc 1 206 1 is_stmt 1 view -0
 348              		.cfi_startproc
 349              		@ args = 0, pretend = 0, frame = 0
 350              		@ frame_needed = 0, uses_anonymous_args = 0
 351              		@ link register save eliminated.
 207:./Drivers/src/stm32f10x_rtc.c ****   uint32_t tmp = 0x00;
 352              		.loc 1 207 3 view .LVU75
 353              	.LVL22:
 208:./Drivers/src/stm32f10x_rtc.c ****   tmp = ((uint32_t)RTC->DIVH & (uint32_t)0x000F) << 16;
 354              		.loc 1 208 3 view .LVU76
 355              		.loc 1 208 23 is_stmt 0 view .LVU77
 356 0000 044A     		ldr	r2, .L30
 357 0002 138A     		ldrh	r3, [r2, #16]
 358              		.loc 1 208 50 view .LVU78
 359 0004 1B04     		lsls	r3, r3, #16
 360              		.loc 1 208 7 view .LVU79
 361 0006 03F47023 		and	r3, r3, #983040
 362              	.LVL23:
 209:./Drivers/src/stm32f10x_rtc.c ****   tmp |= RTC->DIVL;
 363              		.loc 1 209 3 is_stmt 1 view .LVU80
 364              		.loc 1 209 13 is_stmt 0 view .LVU81
 365 000a 908A     		ldrh	r0, [r2, #20]
 366 000c 80B2     		uxth	r0, r0
 367              	.LVL24:
 210:./Drivers/src/stm32f10x_rtc.c ****   return tmp;
 368              		.loc 1 210 3 is_stmt 1 view .LVU82
 211:./Drivers/src/stm32f10x_rtc.c **** }
 369              		.loc 1 211 1 is_stmt 0 view .LVU83
 370 000e 1843     		orrs	r0, r0, r3
 371              	.LVL25:
 372              		.loc 1 211 1 view .LVU84
 373 0010 7047     		bx	lr
 374              	.L31:
ARM GAS  /tmp/ccQKbLx3.s 			page 11


 375 0012 00BF     		.align	2
 376              	.L30:
 377 0014 00280040 		.word	1073752064
 378              		.cfi_endproc
 379              	.LFE36:
 381              		.section	.text.RTC_WaitForLastTask,"ax",%progbits
 382              		.align	1
 383              		.global	RTC_WaitForLastTask
 384              		.syntax unified
 385              		.thumb
 386              		.thumb_func
 388              	RTC_WaitForLastTask:
 389              	.LFB37:
 212:./Drivers/src/stm32f10x_rtc.c **** 
 213:./Drivers/src/stm32f10x_rtc.c **** /**
 214:./Drivers/src/stm32f10x_rtc.c ****   * @brief  Waits until last write operation on RTC registers has finished.
 215:./Drivers/src/stm32f10x_rtc.c ****   * @note   This function must be called before any write to RTC registers.
 216:./Drivers/src/stm32f10x_rtc.c ****   * @param  None
 217:./Drivers/src/stm32f10x_rtc.c ****   * @retval None
 218:./Drivers/src/stm32f10x_rtc.c ****   */
 219:./Drivers/src/stm32f10x_rtc.c **** void RTC_WaitForLastTask(void)
 220:./Drivers/src/stm32f10x_rtc.c **** {
 390              		.loc 1 220 1 is_stmt 1 view -0
 391              		.cfi_startproc
 392              		@ args = 0, pretend = 0, frame = 0
 393              		@ frame_needed = 0, uses_anonymous_args = 0
 394              		@ link register save eliminated.
 395              	.L33:
 221:./Drivers/src/stm32f10x_rtc.c ****   /* Loop until RTOFF flag is set */
 222:./Drivers/src/stm32f10x_rtc.c ****   while ((RTC->CRL & RTC_FLAG_RTOFF) == (uint16_t)RESET)
 223:./Drivers/src/stm32f10x_rtc.c ****   {
 224:./Drivers/src/stm32f10x_rtc.c ****   }
 396              		.loc 1 224 3 view .LVU86
 222:./Drivers/src/stm32f10x_rtc.c ****   {
 397              		.loc 1 222 38 discriminator 1 view .LVU87
 222:./Drivers/src/stm32f10x_rtc.c ****   {
 398              		.loc 1 222 14 is_stmt 0 discriminator 1 view .LVU88
 399 0000 024B     		ldr	r3, .L34
 400 0002 9B88     		ldrh	r3, [r3, #4]
 222:./Drivers/src/stm32f10x_rtc.c ****   {
 401              		.loc 1 222 38 discriminator 1 view .LVU89
 402 0004 13F0200F 		tst	r3, #32
 403 0008 FAD0     		beq	.L33
 225:./Drivers/src/stm32f10x_rtc.c **** }
 404              		.loc 1 225 1 view .LVU90
 405 000a 7047     		bx	lr
 406              	.L35:
 407              		.align	2
 408              	.L34:
 409 000c 00280040 		.word	1073752064
 410              		.cfi_endproc
 411              	.LFE37:
 413              		.section	.text.RTC_WaitForSynchro,"ax",%progbits
 414              		.align	1
 415              		.global	RTC_WaitForSynchro
 416              		.syntax unified
 417              		.thumb
ARM GAS  /tmp/ccQKbLx3.s 			page 12


 418              		.thumb_func
 420              	RTC_WaitForSynchro:
 421              	.LFB38:
 226:./Drivers/src/stm32f10x_rtc.c **** 
 227:./Drivers/src/stm32f10x_rtc.c **** /**
 228:./Drivers/src/stm32f10x_rtc.c ****   * @brief  Waits until the RTC registers (RTC_CNT, RTC_ALR and RTC_PRL)
 229:./Drivers/src/stm32f10x_rtc.c ****   *   are synchronized with RTC APB clock.
 230:./Drivers/src/stm32f10x_rtc.c ****   * @note   This function must be called before any read operation after an APB reset
 231:./Drivers/src/stm32f10x_rtc.c ****   *   or an APB clock stop.
 232:./Drivers/src/stm32f10x_rtc.c ****   * @param  None
 233:./Drivers/src/stm32f10x_rtc.c ****   * @retval None
 234:./Drivers/src/stm32f10x_rtc.c ****   */
 235:./Drivers/src/stm32f10x_rtc.c **** void RTC_WaitForSynchro(void)
 236:./Drivers/src/stm32f10x_rtc.c **** {
 422              		.loc 1 236 1 is_stmt 1 view -0
 423              		.cfi_startproc
 424              		@ args = 0, pretend = 0, frame = 0
 425              		@ frame_needed = 0, uses_anonymous_args = 0
 426              		@ link register save eliminated.
 237:./Drivers/src/stm32f10x_rtc.c ****   /* Clear RSF flag */
 238:./Drivers/src/stm32f10x_rtc.c ****   RTC->CRL &= (uint16_t)~RTC_FLAG_RSF;
 427              		.loc 1 238 3 view .LVU92
 428              		.loc 1 238 6 is_stmt 0 view .LVU93
 429 0000 064A     		ldr	r2, .L38
 430 0002 9388     		ldrh	r3, [r2, #4]
 431 0004 9BB2     		uxth	r3, r3
 432              		.loc 1 238 12 view .LVU94
 433 0006 23F00803 		bic	r3, r3, #8
 434 000a 9BB2     		uxth	r3, r3
 435 000c 9380     		strh	r3, [r2, #4]	@ movhi
 239:./Drivers/src/stm32f10x_rtc.c ****   /* Loop until RSF flag is set */
 240:./Drivers/src/stm32f10x_rtc.c ****   while ((RTC->CRL & RTC_FLAG_RSF) == (uint16_t)RESET)
 436              		.loc 1 240 3 is_stmt 1 view .LVU95
 437              	.L37:
 241:./Drivers/src/stm32f10x_rtc.c ****   {
 242:./Drivers/src/stm32f10x_rtc.c ****   }
 438              		.loc 1 242 3 view .LVU96
 240:./Drivers/src/stm32f10x_rtc.c ****   {
 439              		.loc 1 240 36 discriminator 1 view .LVU97
 240:./Drivers/src/stm32f10x_rtc.c ****   {
 440              		.loc 1 240 14 is_stmt 0 discriminator 1 view .LVU98
 441 000e 034B     		ldr	r3, .L38
 442 0010 9B88     		ldrh	r3, [r3, #4]
 240:./Drivers/src/stm32f10x_rtc.c ****   {
 443              		.loc 1 240 36 discriminator 1 view .LVU99
 444 0012 13F0080F 		tst	r3, #8
 445 0016 FAD0     		beq	.L37
 243:./Drivers/src/stm32f10x_rtc.c **** }
 446              		.loc 1 243 1 view .LVU100
 447 0018 7047     		bx	lr
 448              	.L39:
 449 001a 00BF     		.align	2
 450              	.L38:
 451 001c 00280040 		.word	1073752064
 452              		.cfi_endproc
 453              	.LFE38:
 455              		.section	.text.RTC_GetFlagStatus,"ax",%progbits
ARM GAS  /tmp/ccQKbLx3.s 			page 13


 456              		.align	1
 457              		.global	RTC_GetFlagStatus
 458              		.syntax unified
 459              		.thumb
 460              		.thumb_func
 462              	RTC_GetFlagStatus:
 463              	.LVL26:
 464              	.LFB39:
 244:./Drivers/src/stm32f10x_rtc.c **** 
 245:./Drivers/src/stm32f10x_rtc.c **** /**
 246:./Drivers/src/stm32f10x_rtc.c ****   * @brief  Checks whether the specified RTC flag is set or not.
 247:./Drivers/src/stm32f10x_rtc.c ****   * @param  RTC_FLAG: specifies the flag to check.
 248:./Drivers/src/stm32f10x_rtc.c ****   *   This parameter can be one the following values:
 249:./Drivers/src/stm32f10x_rtc.c ****   *     @arg RTC_FLAG_RTOFF: RTC Operation OFF flag
 250:./Drivers/src/stm32f10x_rtc.c ****   *     @arg RTC_FLAG_RSF: Registers Synchronized flag
 251:./Drivers/src/stm32f10x_rtc.c ****   *     @arg RTC_FLAG_OW: Overflow flag
 252:./Drivers/src/stm32f10x_rtc.c ****   *     @arg RTC_FLAG_ALR: Alarm flag
 253:./Drivers/src/stm32f10x_rtc.c ****   *     @arg RTC_FLAG_SEC: Second flag
 254:./Drivers/src/stm32f10x_rtc.c ****   * @retval The new state of RTC_FLAG (SET or RESET).
 255:./Drivers/src/stm32f10x_rtc.c ****   */
 256:./Drivers/src/stm32f10x_rtc.c **** FlagStatus RTC_GetFlagStatus(uint16_t RTC_FLAG)
 257:./Drivers/src/stm32f10x_rtc.c **** {
 465              		.loc 1 257 1 is_stmt 1 view -0
 466              		.cfi_startproc
 467              		@ args = 0, pretend = 0, frame = 0
 468              		@ frame_needed = 0, uses_anonymous_args = 0
 469              		@ link register save eliminated.
 258:./Drivers/src/stm32f10x_rtc.c ****   FlagStatus bitstatus = RESET;
 470              		.loc 1 258 3 view .LVU102
 259:./Drivers/src/stm32f10x_rtc.c ****   
 260:./Drivers/src/stm32f10x_rtc.c ****   /* Check the parameters */
 261:./Drivers/src/stm32f10x_rtc.c ****   assert_param(IS_RTC_GET_FLAG(RTC_FLAG)); 
 471              		.loc 1 261 3 view .LVU103
 262:./Drivers/src/stm32f10x_rtc.c ****   
 263:./Drivers/src/stm32f10x_rtc.c ****   if ((RTC->CRL & RTC_FLAG) != (uint16_t)RESET)
 472              		.loc 1 263 3 view .LVU104
 473              		.loc 1 263 11 is_stmt 0 view .LVU105
 474 0000 034B     		ldr	r3, .L43
 475 0002 9B88     		ldrh	r3, [r3, #4]
 476              		.loc 1 263 6 view .LVU106
 477 0004 1842     		tst	r0, r3
 478 0006 01D0     		beq	.L42
 264:./Drivers/src/stm32f10x_rtc.c ****   {
 265:./Drivers/src/stm32f10x_rtc.c ****     bitstatus = SET;
 479              		.loc 1 265 15 view .LVU107
 480 0008 0120     		movs	r0, #1
 481              	.LVL27:
 482              		.loc 1 265 15 view .LVU108
 483 000a 7047     		bx	lr
 484              	.LVL28:
 485              	.L42:
 266:./Drivers/src/stm32f10x_rtc.c ****   }
 267:./Drivers/src/stm32f10x_rtc.c ****   else
 268:./Drivers/src/stm32f10x_rtc.c ****   {
 269:./Drivers/src/stm32f10x_rtc.c ****     bitstatus = RESET;
 486              		.loc 1 269 15 view .LVU109
 487 000c 0020     		movs	r0, #0
ARM GAS  /tmp/ccQKbLx3.s 			page 14


 488              	.LVL29:
 270:./Drivers/src/stm32f10x_rtc.c ****   }
 271:./Drivers/src/stm32f10x_rtc.c ****   return bitstatus;
 489              		.loc 1 271 3 is_stmt 1 view .LVU110
 272:./Drivers/src/stm32f10x_rtc.c **** }
 490              		.loc 1 272 1 is_stmt 0 view .LVU111
 491 000e 7047     		bx	lr
 492              	.L44:
 493              		.align	2
 494              	.L43:
 495 0010 00280040 		.word	1073752064
 496              		.cfi_endproc
 497              	.LFE39:
 499              		.section	.text.RTC_ClearFlag,"ax",%progbits
 500              		.align	1
 501              		.global	RTC_ClearFlag
 502              		.syntax unified
 503              		.thumb
 504              		.thumb_func
 506              	RTC_ClearFlag:
 507              	.LVL30:
 508              	.LFB40:
 273:./Drivers/src/stm32f10x_rtc.c **** 
 274:./Drivers/src/stm32f10x_rtc.c **** /**
 275:./Drivers/src/stm32f10x_rtc.c ****   * @brief  Clears the RTC's pending flags.
 276:./Drivers/src/stm32f10x_rtc.c ****   * @param  RTC_FLAG: specifies the flag to clear.
 277:./Drivers/src/stm32f10x_rtc.c ****   *   This parameter can be any combination of the following values:
 278:./Drivers/src/stm32f10x_rtc.c ****   *     @arg RTC_FLAG_RSF: Registers Synchronized flag. This flag is cleared only after
 279:./Drivers/src/stm32f10x_rtc.c ****   *                        an APB reset or an APB Clock stop.
 280:./Drivers/src/stm32f10x_rtc.c ****   *     @arg RTC_FLAG_OW: Overflow flag
 281:./Drivers/src/stm32f10x_rtc.c ****   *     @arg RTC_FLAG_ALR: Alarm flag
 282:./Drivers/src/stm32f10x_rtc.c ****   *     @arg RTC_FLAG_SEC: Second flag
 283:./Drivers/src/stm32f10x_rtc.c ****   * @retval None
 284:./Drivers/src/stm32f10x_rtc.c ****   */
 285:./Drivers/src/stm32f10x_rtc.c **** void RTC_ClearFlag(uint16_t RTC_FLAG)
 286:./Drivers/src/stm32f10x_rtc.c **** {
 509              		.loc 1 286 1 is_stmt 1 view -0
 510              		.cfi_startproc
 511              		@ args = 0, pretend = 0, frame = 0
 512              		@ frame_needed = 0, uses_anonymous_args = 0
 513              		@ link register save eliminated.
 287:./Drivers/src/stm32f10x_rtc.c ****   /* Check the parameters */
 288:./Drivers/src/stm32f10x_rtc.c ****   assert_param(IS_RTC_CLEAR_FLAG(RTC_FLAG)); 
 514              		.loc 1 288 3 view .LVU113
 289:./Drivers/src/stm32f10x_rtc.c ****     
 290:./Drivers/src/stm32f10x_rtc.c ****   /* Clear the corresponding RTC flag */
 291:./Drivers/src/stm32f10x_rtc.c ****   RTC->CRL &= (uint16_t)~RTC_FLAG;
 515              		.loc 1 291 3 view .LVU114
 516              		.loc 1 291 6 is_stmt 0 view .LVU115
 517 0000 034B     		ldr	r3, .L46
 518 0002 9A88     		ldrh	r2, [r3, #4]
 519              		.loc 1 291 15 view .LVU116
 520 0004 C043     		mvns	r0, r0
 521              	.LVL31:
 522              		.loc 1 291 15 view .LVU117
 523 0006 80B2     		uxth	r0, r0
 524              	.LVL32:
ARM GAS  /tmp/ccQKbLx3.s 			page 15


 525              		.loc 1 291 12 view .LVU118
 526 0008 1040     		ands	r0, r0, r2
 527 000a 9880     		strh	r0, [r3, #4]	@ movhi
 292:./Drivers/src/stm32f10x_rtc.c **** }
 528              		.loc 1 292 1 view .LVU119
 529 000c 7047     		bx	lr
 530              	.L47:
 531 000e 00BF     		.align	2
 532              	.L46:
 533 0010 00280040 		.word	1073752064
 534              		.cfi_endproc
 535              	.LFE40:
 537              		.section	.text.RTC_GetITStatus,"ax",%progbits
 538              		.align	1
 539              		.global	RTC_GetITStatus
 540              		.syntax unified
 541              		.thumb
 542              		.thumb_func
 544              	RTC_GetITStatus:
 545              	.LVL33:
 546              	.LFB41:
 293:./Drivers/src/stm32f10x_rtc.c **** 
 294:./Drivers/src/stm32f10x_rtc.c **** /**
 295:./Drivers/src/stm32f10x_rtc.c ****   * @brief  Checks whether the specified RTC interrupt has occurred or not.
 296:./Drivers/src/stm32f10x_rtc.c ****   * @param  RTC_IT: specifies the RTC interrupts sources to check.
 297:./Drivers/src/stm32f10x_rtc.c ****   *   This parameter can be one of the following values:
 298:./Drivers/src/stm32f10x_rtc.c ****   *     @arg RTC_IT_OW: Overflow interrupt
 299:./Drivers/src/stm32f10x_rtc.c ****   *     @arg RTC_IT_ALR: Alarm interrupt
 300:./Drivers/src/stm32f10x_rtc.c ****   *     @arg RTC_IT_SEC: Second interrupt
 301:./Drivers/src/stm32f10x_rtc.c ****   * @retval The new state of the RTC_IT (SET or RESET).
 302:./Drivers/src/stm32f10x_rtc.c ****   */
 303:./Drivers/src/stm32f10x_rtc.c **** ITStatus RTC_GetITStatus(uint16_t RTC_IT)
 304:./Drivers/src/stm32f10x_rtc.c **** {
 547              		.loc 1 304 1 is_stmt 1 view -0
 548              		.cfi_startproc
 549              		@ args = 0, pretend = 0, frame = 0
 550              		@ frame_needed = 0, uses_anonymous_args = 0
 551              		@ link register save eliminated.
 305:./Drivers/src/stm32f10x_rtc.c ****   ITStatus bitstatus = RESET;
 552              		.loc 1 305 3 view .LVU121
 306:./Drivers/src/stm32f10x_rtc.c ****   /* Check the parameters */
 307:./Drivers/src/stm32f10x_rtc.c ****   assert_param(IS_RTC_GET_IT(RTC_IT)); 
 553              		.loc 1 307 3 view .LVU122
 308:./Drivers/src/stm32f10x_rtc.c ****   
 309:./Drivers/src/stm32f10x_rtc.c ****   bitstatus = (ITStatus)(RTC->CRL & RTC_IT);
 554              		.loc 1 309 3 view .LVU123
 555              		.loc 1 309 29 is_stmt 0 view .LVU124
 556 0000 064A     		ldr	r2, .L52
 557 0002 9188     		ldrh	r1, [r2, #4]
 558              		.loc 1 309 15 view .LVU125
 559 0004 C3B2     		uxtb	r3, r0
 560              		.loc 1 309 13 view .LVU126
 561 0006 0B40     		ands	r3, r3, r1
 562              	.LVL34:
 310:./Drivers/src/stm32f10x_rtc.c ****   if (((RTC->CRH & RTC_IT) != (uint16_t)RESET) && (bitstatus != (uint16_t)RESET))
 563              		.loc 1 310 3 is_stmt 1 view .LVU127
 564              		.loc 1 310 12 is_stmt 0 view .LVU128
ARM GAS  /tmp/ccQKbLx3.s 			page 16


 565 0008 1288     		ldrh	r2, [r2]
 566              		.loc 1 310 6 view .LVU129
 567 000a 1042     		tst	r0, r2
 568 000c 02D0     		beq	.L50
 569              		.loc 1 310 48 discriminator 1 view .LVU130
 570 000e 1BB9     		cbnz	r3, .L51
 311:./Drivers/src/stm32f10x_rtc.c ****   {
 312:./Drivers/src/stm32f10x_rtc.c ****     bitstatus = SET;
 313:./Drivers/src/stm32f10x_rtc.c ****   }
 314:./Drivers/src/stm32f10x_rtc.c ****   else
 315:./Drivers/src/stm32f10x_rtc.c ****   {
 316:./Drivers/src/stm32f10x_rtc.c ****     bitstatus = RESET;
 571              		.loc 1 316 15 view .LVU131
 572 0010 0020     		movs	r0, #0
 573              	.LVL35:
 574              		.loc 1 316 15 view .LVU132
 575 0012 7047     		bx	lr
 576              	.LVL36:
 577              	.L50:
 578              		.loc 1 316 15 view .LVU133
 579 0014 0020     		movs	r0, #0
 580              	.LVL37:
 581              		.loc 1 316 15 view .LVU134
 582 0016 7047     		bx	lr
 583              	.LVL38:
 584              	.L51:
 312:./Drivers/src/stm32f10x_rtc.c ****   }
 585              		.loc 1 312 15 view .LVU135
 586 0018 0120     		movs	r0, #1
 587              	.LVL39:
 317:./Drivers/src/stm32f10x_rtc.c ****   }
 318:./Drivers/src/stm32f10x_rtc.c ****   return bitstatus;
 588              		.loc 1 318 3 is_stmt 1 view .LVU136
 319:./Drivers/src/stm32f10x_rtc.c **** }
 589              		.loc 1 319 1 is_stmt 0 view .LVU137
 590 001a 7047     		bx	lr
 591              	.L53:
 592              		.align	2
 593              	.L52:
 594 001c 00280040 		.word	1073752064
 595              		.cfi_endproc
 596              	.LFE41:
 598              		.section	.text.RTC_ClearITPendingBit,"ax",%progbits
 599              		.align	1
 600              		.global	RTC_ClearITPendingBit
 601              		.syntax unified
 602              		.thumb
 603              		.thumb_func
 605              	RTC_ClearITPendingBit:
 606              	.LVL40:
 607              	.LFB42:
 320:./Drivers/src/stm32f10x_rtc.c **** 
 321:./Drivers/src/stm32f10x_rtc.c **** /**
 322:./Drivers/src/stm32f10x_rtc.c ****   * @brief  Clears the RTC's interrupt pending bits.
 323:./Drivers/src/stm32f10x_rtc.c ****   * @param  RTC_IT: specifies the interrupt pending bit to clear.
 324:./Drivers/src/stm32f10x_rtc.c ****   *   This parameter can be any combination of the following values:
 325:./Drivers/src/stm32f10x_rtc.c ****   *     @arg RTC_IT_OW: Overflow interrupt
ARM GAS  /tmp/ccQKbLx3.s 			page 17


 326:./Drivers/src/stm32f10x_rtc.c ****   *     @arg RTC_IT_ALR: Alarm interrupt
 327:./Drivers/src/stm32f10x_rtc.c ****   *     @arg RTC_IT_SEC: Second interrupt
 328:./Drivers/src/stm32f10x_rtc.c ****   * @retval None
 329:./Drivers/src/stm32f10x_rtc.c ****   */
 330:./Drivers/src/stm32f10x_rtc.c **** void RTC_ClearITPendingBit(uint16_t RTC_IT)
 331:./Drivers/src/stm32f10x_rtc.c **** {
 608              		.loc 1 331 1 is_stmt 1 view -0
 609              		.cfi_startproc
 610              		@ args = 0, pretend = 0, frame = 0
 611              		@ frame_needed = 0, uses_anonymous_args = 0
 612              		@ link register save eliminated.
 332:./Drivers/src/stm32f10x_rtc.c ****   /* Check the parameters */
 333:./Drivers/src/stm32f10x_rtc.c ****   assert_param(IS_RTC_IT(RTC_IT));  
 613              		.loc 1 333 3 view .LVU139
 334:./Drivers/src/stm32f10x_rtc.c ****   
 335:./Drivers/src/stm32f10x_rtc.c ****   /* Clear the corresponding RTC pending bit */
 336:./Drivers/src/stm32f10x_rtc.c ****   RTC->CRL &= (uint16_t)~RTC_IT;
 614              		.loc 1 336 3 view .LVU140
 615              		.loc 1 336 6 is_stmt 0 view .LVU141
 616 0000 034B     		ldr	r3, .L55
 617 0002 9A88     		ldrh	r2, [r3, #4]
 618              		.loc 1 336 15 view .LVU142
 619 0004 C043     		mvns	r0, r0
 620              	.LVL41:
 621              		.loc 1 336 15 view .LVU143
 622 0006 80B2     		uxth	r0, r0
 623              	.LVL42:
 624              		.loc 1 336 12 view .LVU144
 625 0008 1040     		ands	r0, r0, r2
 626 000a 9880     		strh	r0, [r3, #4]	@ movhi
 337:./Drivers/src/stm32f10x_rtc.c **** }
 627              		.loc 1 337 1 view .LVU145
 628 000c 7047     		bx	lr
 629              	.L56:
 630 000e 00BF     		.align	2
 631              	.L55:
 632 0010 00280040 		.word	1073752064
 633              		.cfi_endproc
 634              	.LFE42:
 636              		.text
 637              	.Letext0:
 638              		.file 2 "/usr/arm-none-eabi/include/machine/_default_types.h"
 639              		.file 3 "/usr/arm-none-eabi/include/sys/_stdint.h"
 640              		.file 4 "cmsis/stm32f10x.h"
ARM GAS  /tmp/ccQKbLx3.s 			page 18


DEFINED SYMBOLS
                            *ABS*:00000000 stm32f10x_rtc.c
     /tmp/ccQKbLx3.s:19     .text.RTC_ITConfig:00000000 $t
     /tmp/ccQKbLx3.s:25     .text.RTC_ITConfig:00000000 RTC_ITConfig
     /tmp/ccQKbLx3.s:65     .text.RTC_ITConfig:0000001c $d
     /tmp/ccQKbLx3.s:70     .text.RTC_EnterConfigMode:00000000 $t
     /tmp/ccQKbLx3.s:76     .text.RTC_EnterConfigMode:00000000 RTC_EnterConfigMode
     /tmp/ccQKbLx3.s:96     .text.RTC_EnterConfigMode:00000010 $d
     /tmp/ccQKbLx3.s:101    .text.RTC_ExitConfigMode:00000000 $t
     /tmp/ccQKbLx3.s:107    .text.RTC_ExitConfigMode:00000000 RTC_ExitConfigMode
     /tmp/ccQKbLx3.s:128    .text.RTC_ExitConfigMode:00000010 $d
     /tmp/ccQKbLx3.s:133    .text.RTC_GetCounter:00000000 $t
     /tmp/ccQKbLx3.s:139    .text.RTC_GetCounter:00000000 RTC_GetCounter
     /tmp/ccQKbLx3.s:191    .text.RTC_GetCounter:00000024 $d
     /tmp/ccQKbLx3.s:196    .text.RTC_SetCounter:00000000 $t
     /tmp/ccQKbLx3.s:202    .text.RTC_SetCounter:00000000 RTC_SetCounter
     /tmp/ccQKbLx3.s:238    .text.RTC_SetCounter:00000018 $d
     /tmp/ccQKbLx3.s:243    .text.RTC_SetPrescaler:00000000 $t
     /tmp/ccQKbLx3.s:249    .text.RTC_SetPrescaler:00000000 RTC_SetPrescaler
     /tmp/ccQKbLx3.s:287    .text.RTC_SetPrescaler:0000001c $d
     /tmp/ccQKbLx3.s:292    .text.RTC_SetAlarm:00000000 $t
     /tmp/ccQKbLx3.s:298    .text.RTC_SetAlarm:00000000 RTC_SetAlarm
     /tmp/ccQKbLx3.s:334    .text.RTC_SetAlarm:00000018 $d
     /tmp/ccQKbLx3.s:339    .text.RTC_GetDivider:00000000 $t
     /tmp/ccQKbLx3.s:345    .text.RTC_GetDivider:00000000 RTC_GetDivider
     /tmp/ccQKbLx3.s:377    .text.RTC_GetDivider:00000014 $d
     /tmp/ccQKbLx3.s:382    .text.RTC_WaitForLastTask:00000000 $t
     /tmp/ccQKbLx3.s:388    .text.RTC_WaitForLastTask:00000000 RTC_WaitForLastTask
     /tmp/ccQKbLx3.s:409    .text.RTC_WaitForLastTask:0000000c $d
     /tmp/ccQKbLx3.s:414    .text.RTC_WaitForSynchro:00000000 $t
     /tmp/ccQKbLx3.s:420    .text.RTC_WaitForSynchro:00000000 RTC_WaitForSynchro
     /tmp/ccQKbLx3.s:451    .text.RTC_WaitForSynchro:0000001c $d
     /tmp/ccQKbLx3.s:456    .text.RTC_GetFlagStatus:00000000 $t
     /tmp/ccQKbLx3.s:462    .text.RTC_GetFlagStatus:00000000 RTC_GetFlagStatus
     /tmp/ccQKbLx3.s:495    .text.RTC_GetFlagStatus:00000010 $d
     /tmp/ccQKbLx3.s:500    .text.RTC_ClearFlag:00000000 $t
     /tmp/ccQKbLx3.s:506    .text.RTC_ClearFlag:00000000 RTC_ClearFlag
     /tmp/ccQKbLx3.s:533    .text.RTC_ClearFlag:00000010 $d
     /tmp/ccQKbLx3.s:538    .text.RTC_GetITStatus:00000000 $t
     /tmp/ccQKbLx3.s:544    .text.RTC_GetITStatus:00000000 RTC_GetITStatus
     /tmp/ccQKbLx3.s:594    .text.RTC_GetITStatus:0000001c $d
     /tmp/ccQKbLx3.s:599    .text.RTC_ClearITPendingBit:00000000 $t
     /tmp/ccQKbLx3.s:605    .text.RTC_ClearITPendingBit:00000000 RTC_ClearITPendingBit
     /tmp/ccQKbLx3.s:632    .text.RTC_ClearITPendingBit:00000010 $d

NO UNDEFINED SYMBOLS
