ARM GAS  /tmp/ccW8yKe1.s 			page 1


   1              		.cpu cortex-m3
   2              		.arch armv7-m
   3              		.fpu softvfp
   4              		.eabi_attribute 20, 1
   5              		.eabi_attribute 21, 1
   6              		.eabi_attribute 23, 3
   7              		.eabi_attribute 24, 1
   8              		.eabi_attribute 25, 1
   9              		.eabi_attribute 26, 1
  10              		.eabi_attribute 30, 1
  11              		.eabi_attribute 34, 1
  12              		.eabi_attribute 18, 4
  13              		.file	"serial.c"
  14              		.text
  15              	.Ltext0:
  16              		.cfi_sections	.debug_frame
  17              		.file 1 "./Libraries/src/serial.c"
  18              		.section	.text.serial_init,"ax",%progbits
  19              		.align	1
  20              		.global	serial_init
  21              		.syntax unified
  22              		.thumb
  23              		.thumb_func
  25              	serial_init:
  26              	.LFB29:
   1:./Libraries/src/serial.c **** #include "serial.h"
   2:./Libraries/src/serial.c **** #include "misc.h"
   3:./Libraries/src/serial.c **** #include "stm32f10x.h"
   4:./Libraries/src/serial.c **** #include "stm32f10x_gpio.h"
   5:./Libraries/src/serial.c **** #include "stm32f10x_usart.h"
   6:./Libraries/src/serial.c **** #include <stdint.h>
   7:./Libraries/src/serial.c **** 
   8:./Libraries/src/serial.c **** uint8_t RxData;
   9:./Libraries/src/serial.c **** uint8_t RxFlag;
  10:./Libraries/src/serial.c **** 
  11:./Libraries/src/serial.c **** void serial_init(void) {
  27              		.loc 1 11 24 view -0
  28              		.cfi_startproc
  29              		@ args = 0, pretend = 0, frame = 24
  30              		@ frame_needed = 0, uses_anonymous_args = 0
  31 0000 70B5     		push	{r4, r5, r6, lr}
  32              	.LCFI0:
  33              		.cfi_def_cfa_offset 16
  34              		.cfi_offset 4, -16
  35              		.cfi_offset 5, -12
  36              		.cfi_offset 6, -8
  37              		.cfi_offset 14, -4
  38 0002 86B0     		sub	sp, sp, #24
  39              	.LCFI1:
  40              		.cfi_def_cfa_offset 40
  12:./Libraries/src/serial.c ****   RCC_APB2PeriphClockCmd(RCC_APB2Periph_USART1, ENABLE);
  41              		.loc 1 12 3 view .LVU1
  42 0004 0121     		movs	r1, #1
  43 0006 4FF48040 		mov	r0, #16384
  44 000a FFF7FEFF 		bl	RCC_APB2PeriphClockCmd
  45              	.LVL0:
  13:./Libraries/src/serial.c ****   RCC_APB2PeriphClockCmd(RCC_APB2Periph_GPIOA, ENABLE);
ARM GAS  /tmp/ccW8yKe1.s 			page 2


  46              		.loc 1 13 3 view .LVU2
  47 000e 0121     		movs	r1, #1
  48 0010 0420     		movs	r0, #4
  49 0012 FFF7FEFF 		bl	RCC_APB2PeriphClockCmd
  50              	.LVL1:
  14:./Libraries/src/serial.c **** 
  15:./Libraries/src/serial.c ****   GPIO_InitTypeDef GPIO_InitStructure;
  51              		.loc 1 15 3 view .LVU3
  16:./Libraries/src/serial.c ****   GPIO_InitStructure.GPIO_Mode = GPIO_Mode_AF_PP;
  52              		.loc 1 16 3 view .LVU4
  53              		.loc 1 16 32 is_stmt 0 view .LVU5
  54 0016 1823     		movs	r3, #24
  55 0018 8DF81730 		strb	r3, [sp, #23]
  17:./Libraries/src/serial.c ****   GPIO_InitStructure.GPIO_Pin = GPIO_Pin_9;
  56              		.loc 1 17 3 is_stmt 1 view .LVU6
  57              		.loc 1 17 31 is_stmt 0 view .LVU7
  58 001c 4FF40073 		mov	r3, #512
  59 0020 ADF81430 		strh	r3, [sp, #20]	@ movhi
  18:./Libraries/src/serial.c ****   GPIO_InitStructure.GPIO_Speed = GPIO_Speed_50MHz;
  60              		.loc 1 18 3 is_stmt 1 view .LVU8
  61              		.loc 1 18 33 is_stmt 0 view .LVU9
  62 0024 0326     		movs	r6, #3
  63 0026 8DF81660 		strb	r6, [sp, #22]
  19:./Libraries/src/serial.c ****   GPIO_Init(GPIOA, &GPIO_InitStructure);
  64              		.loc 1 19 3 is_stmt 1 view .LVU10
  65 002a 05AD     		add	r5, sp, #20
  66 002c 214C     		ldr	r4, .L3
  67 002e 2946     		mov	r1, r5
  68 0030 2046     		mov	r0, r4
  69 0032 FFF7FEFF 		bl	GPIO_Init
  70              	.LVL2:
  20:./Libraries/src/serial.c **** 
  21:./Libraries/src/serial.c ****   GPIO_InitStructure.GPIO_Mode = GPIO_Mode_IPU;
  71              		.loc 1 21 3 view .LVU11
  72              		.loc 1 21 32 is_stmt 0 view .LVU12
  73 0036 4823     		movs	r3, #72
  74 0038 8DF81730 		strb	r3, [sp, #23]
  22:./Libraries/src/serial.c ****   GPIO_InitStructure.GPIO_Pin = GPIO_Pin_10;
  75              		.loc 1 22 3 is_stmt 1 view .LVU13
  76              		.loc 1 22 31 is_stmt 0 view .LVU14
  77 003c 4FF48063 		mov	r3, #1024
  78 0040 ADF81430 		strh	r3, [sp, #20]	@ movhi
  23:./Libraries/src/serial.c ****   GPIO_InitStructure.GPIO_Speed = GPIO_Speed_50MHz;
  79              		.loc 1 23 3 is_stmt 1 view .LVU15
  80              		.loc 1 23 33 is_stmt 0 view .LVU16
  81 0044 8DF81660 		strb	r6, [sp, #22]
  24:./Libraries/src/serial.c ****   GPIO_Init(GPIOA, &GPIO_InitStructure);
  82              		.loc 1 24 3 is_stmt 1 view .LVU17
  83 0048 2946     		mov	r1, r5
  84 004a 2046     		mov	r0, r4
  85 004c FFF7FEFF 		bl	GPIO_Init
  86              	.LVL3:
  25:./Libraries/src/serial.c **** 
  26:./Libraries/src/serial.c ****   USART_InitTypeDef USART_InitStructure;
  87              		.loc 1 26 3 view .LVU18
  27:./Libraries/src/serial.c ****   USART_InitStructure.USART_BaudRate = 9600;
  88              		.loc 1 27 3 view .LVU19
ARM GAS  /tmp/ccW8yKe1.s 			page 3


  89              		.loc 1 27 38 is_stmt 0 view .LVU20
  90 0050 4FF41653 		mov	r3, #9600
  91 0054 0193     		str	r3, [sp, #4]
  28:./Libraries/src/serial.c ****   USART_InitStructure.USART_HardwareFlowControl =
  92              		.loc 1 28 3 is_stmt 1 view .LVU21
  93              		.loc 1 28 49 is_stmt 0 view .LVU22
  94 0056 0023     		movs	r3, #0
  95 0058 ADF81030 		strh	r3, [sp, #16]	@ movhi
  29:./Libraries/src/serial.c ****       USART_HardwareFlowControl_None;
  30:./Libraries/src/serial.c ****   USART_InitStructure.USART_Mode = USART_Mode_Tx | USART_Mode_Rx;
  96              		.loc 1 30 3 is_stmt 1 view .LVU23
  97              		.loc 1 30 34 is_stmt 0 view .LVU24
  98 005c 0C22     		movs	r2, #12
  99 005e ADF80E20 		strh	r2, [sp, #14]	@ movhi
  31:./Libraries/src/serial.c ****   USART_InitStructure.USART_Parity = USART_Parity_No;
 100              		.loc 1 31 3 is_stmt 1 view .LVU25
 101              		.loc 1 31 36 is_stmt 0 view .LVU26
 102 0062 ADF80C30 		strh	r3, [sp, #12]	@ movhi
  32:./Libraries/src/serial.c ****   USART_InitStructure.USART_StopBits = USART_StopBits_1;
 103              		.loc 1 32 3 is_stmt 1 view .LVU27
 104              		.loc 1 32 38 is_stmt 0 view .LVU28
 105 0066 ADF80A30 		strh	r3, [sp, #10]	@ movhi
  33:./Libraries/src/serial.c ****   USART_InitStructure.USART_WordLength = USART_WordLength_8b;
 106              		.loc 1 33 3 is_stmt 1 view .LVU29
 107              		.loc 1 33 40 is_stmt 0 view .LVU30
 108 006a ADF80830 		strh	r3, [sp, #8]	@ movhi
  34:./Libraries/src/serial.c ****   USART_Init(USART1, &USART_InitStructure);
 109              		.loc 1 34 3 is_stmt 1 view .LVU31
 110 006e 124D     		ldr	r5, .L3+4
 111 0070 01A9     		add	r1, sp, #4
 112 0072 2846     		mov	r0, r5
 113 0074 FFF7FEFF 		bl	USART_Init
 114              	.LVL4:
  35:./Libraries/src/serial.c **** 
  36:./Libraries/src/serial.c ****   // interrupt method for receive data
  37:./Libraries/src/serial.c ****   USART_ITConfig(USART1, USART_IT_RXNE, ENABLE);
 115              		.loc 1 37 3 view .LVU32
 116 0078 0122     		movs	r2, #1
 117 007a 40F22551 		movw	r1, #1317
 118 007e 2846     		mov	r0, r5
 119 0080 FFF7FEFF 		bl	USART_ITConfig
 120              	.LVL5:
  38:./Libraries/src/serial.c ****   NVIC_PriorityGroupConfig(NVIC_PriorityGroup_2);
 121              		.loc 1 38 3 view .LVU33
 122 0084 4FF4A060 		mov	r0, #1280
 123 0088 FFF7FEFF 		bl	NVIC_PriorityGroupConfig
 124              	.LVL6:
  39:./Libraries/src/serial.c ****   NVIC_InitTypeDef NVIC_InitStructure;
 125              		.loc 1 39 3 view .LVU34
  40:./Libraries/src/serial.c ****   NVIC_InitStructure.NVIC_IRQChannel = USART1_IRQn;
 126              		.loc 1 40 3 view .LVU35
 127              		.loc 1 40 38 is_stmt 0 view .LVU36
 128 008c 2523     		movs	r3, #37
 129 008e 8DF80030 		strb	r3, [sp]
  41:./Libraries/src/serial.c ****   NVIC_InitStructure.NVIC_IRQChannelCmd = ENABLE;
 130              		.loc 1 41 3 is_stmt 1 view .LVU37
 131              		.loc 1 41 41 is_stmt 0 view .LVU38
ARM GAS  /tmp/ccW8yKe1.s 			page 4


 132 0092 0124     		movs	r4, #1
 133 0094 8DF80340 		strb	r4, [sp, #3]
  42:./Libraries/src/serial.c ****   NVIC_InitStructure.NVIC_IRQChannelPreemptionPriority = 1;
 134              		.loc 1 42 3 is_stmt 1 view .LVU39
 135              		.loc 1 42 56 is_stmt 0 view .LVU40
 136 0098 8DF80140 		strb	r4, [sp, #1]
  43:./Libraries/src/serial.c ****   NVIC_InitStructure.NVIC_IRQChannelSubPriority = 1;
 137              		.loc 1 43 3 is_stmt 1 view .LVU41
 138              		.loc 1 43 49 is_stmt 0 view .LVU42
 139 009c 8DF80240 		strb	r4, [sp, #2]
  44:./Libraries/src/serial.c ****   NVIC_Init(&NVIC_InitStructure);
 140              		.loc 1 44 3 is_stmt 1 view .LVU43
 141 00a0 6846     		mov	r0, sp
 142 00a2 FFF7FEFF 		bl	NVIC_Init
 143              	.LVL7:
  45:./Libraries/src/serial.c **** 
  46:./Libraries/src/serial.c ****   USART_Cmd(USART1, ENABLE);
 144              		.loc 1 46 3 view .LVU44
 145 00a6 2146     		mov	r1, r4
 146 00a8 2846     		mov	r0, r5
 147 00aa FFF7FEFF 		bl	USART_Cmd
 148              	.LVL8:
  47:./Libraries/src/serial.c **** }
 149              		.loc 1 47 1 is_stmt 0 view .LVU45
 150 00ae 06B0     		add	sp, sp, #24
 151              	.LCFI2:
 152              		.cfi_def_cfa_offset 16
 153              		@ sp needed
 154 00b0 70BD     		pop	{r4, r5, r6, pc}
 155              	.L4:
 156 00b2 00BF     		.align	2
 157              	.L3:
 158 00b4 00080140 		.word	1073809408
 159 00b8 00380140 		.word	1073821696
 160              		.cfi_endproc
 161              	.LFE29:
 163              		.section	.text.serial_sendbyte,"ax",%progbits
 164              		.align	1
 165              		.global	serial_sendbyte
 166              		.syntax unified
 167              		.thumb
 168              		.thumb_func
 170              	serial_sendbyte:
 171              	.LVL9:
 172              	.LFB30:
  48:./Libraries/src/serial.c **** 
  49:./Libraries/src/serial.c **** void serial_sendbyte(uint8_t Byte) {
 173              		.loc 1 49 36 is_stmt 1 view -0
 174              		.cfi_startproc
 175              		@ args = 0, pretend = 0, frame = 0
 176              		@ frame_needed = 0, uses_anonymous_args = 0
 177              		.loc 1 49 36 is_stmt 0 view .LVU47
 178 0000 08B5     		push	{r3, lr}
 179              	.LCFI3:
 180              		.cfi_def_cfa_offset 8
 181              		.cfi_offset 3, -8
 182              		.cfi_offset 14, -4
ARM GAS  /tmp/ccW8yKe1.s 			page 5


 183 0002 0146     		mov	r1, r0
  50:./Libraries/src/serial.c ****   USART_SendData(USART1, Byte);
 184              		.loc 1 50 3 is_stmt 1 view .LVU48
 185 0004 0448     		ldr	r0, .L8
 186              	.LVL10:
 187              		.loc 1 50 3 is_stmt 0 view .LVU49
 188 0006 FFF7FEFF 		bl	USART_SendData
 189              	.LVL11:
  51:./Libraries/src/serial.c ****   while (USART_GetFlagStatus(USART1, USART_FLAG_TXE) == RESET)
 190              		.loc 1 51 3 is_stmt 1 view .LVU50
 191              	.L6:
 192              		.loc 1 51 54 discriminator 1 view .LVU51
 193              		.loc 1 51 10 is_stmt 0 discriminator 1 view .LVU52
 194 000a 8021     		movs	r1, #128
 195 000c 0248     		ldr	r0, .L8
 196 000e FFF7FEFF 		bl	USART_GetFlagStatus
 197              	.LVL12:
 198              		.loc 1 51 54 discriminator 1 view .LVU53
 199 0012 0028     		cmp	r0, #0
 200 0014 F9D0     		beq	.L6
  52:./Libraries/src/serial.c ****     ;
  53:./Libraries/src/serial.c **** }
 201              		.loc 1 53 1 view .LVU54
 202 0016 08BD     		pop	{r3, pc}
 203              	.L9:
 204              		.align	2
 205              	.L8:
 206 0018 00380140 		.word	1073821696
 207              		.cfi_endproc
 208              	.LFE30:
 210              		.section	.text.serial_sendarray,"ax",%progbits
 211              		.align	1
 212              		.global	serial_sendarray
 213              		.syntax unified
 214              		.thumb
 215              		.thumb_func
 217              	serial_sendarray:
 218              	.LVL13:
 219              	.LFB31:
  54:./Libraries/src/serial.c **** 
  55:./Libraries/src/serial.c **** void serial_sendarray(uint8_t *Array, uint16_t Length) {
 220              		.loc 1 55 56 is_stmt 1 view -0
 221              		.cfi_startproc
 222              		@ args = 0, pretend = 0, frame = 0
 223              		@ frame_needed = 0, uses_anonymous_args = 0
 224              		.loc 1 55 56 is_stmt 0 view .LVU56
 225 0000 70B5     		push	{r4, r5, r6, lr}
 226              	.LCFI4:
 227              		.cfi_def_cfa_offset 16
 228              		.cfi_offset 4, -16
 229              		.cfi_offset 5, -12
 230              		.cfi_offset 6, -8
 231              		.cfi_offset 14, -4
 232 0002 0646     		mov	r6, r0
 233 0004 0D46     		mov	r5, r1
  56:./Libraries/src/serial.c ****   uint16_t i;
 234              		.loc 1 56 3 is_stmt 1 view .LVU57
ARM GAS  /tmp/ccW8yKe1.s 			page 6


  57:./Libraries/src/serial.c ****   for (i = 0; i < Length; i++) {
 235              		.loc 1 57 3 view .LVU58
 236              	.LVL14:
 237              		.loc 1 57 10 is_stmt 0 view .LVU59
 238 0006 0024     		movs	r4, #0
 239              		.loc 1 57 3 view .LVU60
 240 0008 04E0     		b	.L11
 241              	.LVL15:
 242              	.L12:
  58:./Libraries/src/serial.c ****     serial_sendbyte(Array[i]);
 243              		.loc 1 58 5 is_stmt 1 view .LVU61
 244 000a 305D     		ldrb	r0, [r6, r4]	@ zero_extendqisi2
 245 000c FFF7FEFF 		bl	serial_sendbyte
 246              	.LVL16:
  57:./Libraries/src/serial.c ****   for (i = 0; i < Length; i++) {
 247              		.loc 1 57 28 discriminator 3 view .LVU62
 248 0010 0134     		adds	r4, r4, #1
 249              	.LVL17:
  57:./Libraries/src/serial.c ****   for (i = 0; i < Length; i++) {
 250              		.loc 1 57 28 is_stmt 0 discriminator 3 view .LVU63
 251 0012 A4B2     		uxth	r4, r4
 252              	.LVL18:
 253              	.L11:
  57:./Libraries/src/serial.c ****   for (i = 0; i < Length; i++) {
 254              		.loc 1 57 17 is_stmt 1 discriminator 1 view .LVU64
 255 0014 AC42     		cmp	r4, r5
 256 0016 F8D3     		bcc	.L12
  59:./Libraries/src/serial.c ****   }
  60:./Libraries/src/serial.c **** }
 257              		.loc 1 60 1 is_stmt 0 view .LVU65
 258 0018 70BD     		pop	{r4, r5, r6, pc}
 259              		.loc 1 60 1 view .LVU66
 260              		.cfi_endproc
 261              	.LFE31:
 263              		.section	.text.serial_sendstring,"ax",%progbits
 264              		.align	1
 265              		.global	serial_sendstring
 266              		.syntax unified
 267              		.thumb
 268              		.thumb_func
 270              	serial_sendstring:
 271              	.LVL19:
 272              	.LFB32:
  61:./Libraries/src/serial.c **** 
  62:./Libraries/src/serial.c **** void serial_sendstring(char *string) {
 273              		.loc 1 62 38 is_stmt 1 view -0
 274              		.cfi_startproc
 275              		@ args = 0, pretend = 0, frame = 0
 276              		@ frame_needed = 0, uses_anonymous_args = 0
 277              		.loc 1 62 38 is_stmt 0 view .LVU68
 278 0000 38B5     		push	{r3, r4, r5, lr}
 279              	.LCFI5:
 280              		.cfi_def_cfa_offset 16
 281              		.cfi_offset 3, -16
 282              		.cfi_offset 4, -12
 283              		.cfi_offset 5, -8
 284              		.cfi_offset 14, -4
ARM GAS  /tmp/ccW8yKe1.s 			page 7


 285 0002 0546     		mov	r5, r0
  63:./Libraries/src/serial.c ****   uint8_t i;
 286              		.loc 1 63 3 is_stmt 1 view .LVU69
  64:./Libraries/src/serial.c ****   for (i = 0; string[i] != '\0'; i++) {
 287              		.loc 1 64 3 view .LVU70
 288              	.LVL20:
 289              		.loc 1 64 10 is_stmt 0 view .LVU71
 290 0004 0024     		movs	r4, #0
 291              		.loc 1 64 3 view .LVU72
 292 0006 03E0     		b	.L15
 293              	.LVL21:
 294              	.L16:
  65:./Libraries/src/serial.c ****     serial_sendbyte(string[i]);
 295              		.loc 1 65 5 is_stmt 1 view .LVU73
 296 0008 FFF7FEFF 		bl	serial_sendbyte
 297              	.LVL22:
  64:./Libraries/src/serial.c ****   for (i = 0; string[i] != '\0'; i++) {
 298              		.loc 1 64 35 discriminator 3 view .LVU74
 299 000c 0134     		adds	r4, r4, #1
 300              	.LVL23:
  64:./Libraries/src/serial.c ****   for (i = 0; string[i] != '\0'; i++) {
 301              		.loc 1 64 35 is_stmt 0 discriminator 3 view .LVU75
 302 000e E4B2     		uxtb	r4, r4
 303              	.LVL24:
 304              	.L15:
  64:./Libraries/src/serial.c ****   for (i = 0; string[i] != '\0'; i++) {
 305              		.loc 1 64 25 is_stmt 1 discriminator 1 view .LVU76
  64:./Libraries/src/serial.c ****   for (i = 0; string[i] != '\0'; i++) {
 306              		.loc 1 64 21 is_stmt 0 discriminator 1 view .LVU77
 307 0010 285D     		ldrb	r0, [r5, r4]	@ zero_extendqisi2
  64:./Libraries/src/serial.c ****   for (i = 0; string[i] != '\0'; i++) {
 308              		.loc 1 64 25 discriminator 1 view .LVU78
 309 0012 0028     		cmp	r0, #0
 310 0014 F8D1     		bne	.L16
  66:./Libraries/src/serial.c ****   }
  67:./Libraries/src/serial.c **** }
 311              		.loc 1 67 1 view .LVU79
 312 0016 38BD     		pop	{r3, r4, r5, pc}
 313              		.loc 1 67 1 view .LVU80
 314              		.cfi_endproc
 315              	.LFE32:
 317              		.section	.text.serial_pow,"ax",%progbits
 318              		.align	1
 319              		.global	serial_pow
 320              		.syntax unified
 321              		.thumb
 322              		.thumb_func
 324              	serial_pow:
 325              	.LVL25:
 326              	.LFB33:
  68:./Libraries/src/serial.c **** 
  69:./Libraries/src/serial.c **** uint32_t serial_pow(uint32_t X, uint32_t Y) {
 327              		.loc 1 69 45 is_stmt 1 view -0
 328              		.cfi_startproc
 329              		@ args = 0, pretend = 0, frame = 0
 330              		@ frame_needed = 0, uses_anonymous_args = 0
 331              		@ link register save eliminated.
ARM GAS  /tmp/ccW8yKe1.s 			page 8


 332              		.loc 1 69 45 is_stmt 0 view .LVU82
 333 0000 0246     		mov	r2, r0
  70:./Libraries/src/serial.c ****   uint32_t Result = 1;
 334              		.loc 1 70 3 is_stmt 1 view .LVU83
 335              	.LVL26:
  71:./Libraries/src/serial.c ****   while (Y--) {
 336              		.loc 1 71 3 view .LVU84
  70:./Libraries/src/serial.c ****   uint32_t Result = 1;
 337              		.loc 1 70 12 is_stmt 0 view .LVU85
 338 0002 0120     		movs	r0, #1
 339              	.LVL27:
 340              		.loc 1 71 9 view .LVU86
 341 0004 02E0     		b	.L19
 342              	.LVL28:
 343              	.L20:
  72:./Libraries/src/serial.c ****     Result *= X;
 344              		.loc 1 72 5 is_stmt 1 view .LVU87
 345              		.loc 1 72 12 is_stmt 0 view .LVU88
 346 0006 02FB00F0 		mul	r0, r2, r0
 347              	.LVL29:
  71:./Libraries/src/serial.c ****   while (Y--) {
 348              		.loc 1 71 11 view .LVU89
 349 000a 1946     		mov	r1, r3
 350              	.LVL30:
 351              	.L19:
  71:./Libraries/src/serial.c ****   while (Y--) {
 352              		.loc 1 71 10 is_stmt 1 view .LVU90
  71:./Libraries/src/serial.c ****   while (Y--) {
 353              		.loc 1 71 11 is_stmt 0 view .LVU91
 354 000c 4B1E     		subs	r3, r1, #1
 355              	.LVL31:
  71:./Libraries/src/serial.c ****   while (Y--) {
 356              		.loc 1 71 10 view .LVU92
 357 000e 0029     		cmp	r1, #0
 358 0010 F9D1     		bne	.L20
  73:./Libraries/src/serial.c ****   }
  74:./Libraries/src/serial.c ****   return Result;
 359              		.loc 1 74 3 is_stmt 1 view .LVU93
  75:./Libraries/src/serial.c **** }
 360              		.loc 1 75 1 is_stmt 0 view .LVU94
 361 0012 7047     		bx	lr
 362              		.cfi_endproc
 363              	.LFE33:
 365              		.section	.text.serial_sendnumber,"ax",%progbits
 366              		.align	1
 367              		.global	serial_sendnumber
 368              		.syntax unified
 369              		.thumb
 370              		.thumb_func
 372              	serial_sendnumber:
 373              	.LVL32:
 374              	.LFB34:
  76:./Libraries/src/serial.c **** 
  77:./Libraries/src/serial.c **** void serial_sendnumber(uint32_t Number, uint8_t Length) {
 375              		.loc 1 77 57 is_stmt 1 view -0
 376              		.cfi_startproc
 377              		@ args = 0, pretend = 0, frame = 0
ARM GAS  /tmp/ccW8yKe1.s 			page 9


 378              		@ frame_needed = 0, uses_anonymous_args = 0
 379              		.loc 1 77 57 is_stmt 0 view .LVU96
 380 0000 70B5     		push	{r4, r5, r6, lr}
 381              	.LCFI6:
 382              		.cfi_def_cfa_offset 16
 383              		.cfi_offset 4, -16
 384              		.cfi_offset 5, -12
 385              		.cfi_offset 6, -8
 386              		.cfi_offset 14, -4
 387 0002 0646     		mov	r6, r0
 388 0004 0D46     		mov	r5, r1
  78:./Libraries/src/serial.c ****   uint8_t i;
 389              		.loc 1 78 3 is_stmt 1 view .LVU97
  79:./Libraries/src/serial.c ****   for (i = 0; i < Length; i++) {
 390              		.loc 1 79 3 view .LVU98
 391              	.LVL33:
 392              		.loc 1 79 10 is_stmt 0 view .LVU99
 393 0006 0024     		movs	r4, #0
 394              		.loc 1 79 3 view .LVU100
 395 0008 14E0     		b	.L22
 396              	.LVL34:
 397              	.L23:
  80:./Libraries/src/serial.c ****     serial_sendbyte(Number / serial_pow(10, Length - i - 1) % 10 + '0');
 398              		.loc 1 80 5 is_stmt 1 view .LVU101
 399              		.loc 1 80 52 is_stmt 0 view .LVU102
 400 000a 291B     		subs	r1, r5, r4
 401              		.loc 1 80 30 view .LVU103
 402 000c 0139     		subs	r1, r1, #1
 403 000e 0A20     		movs	r0, #10
 404 0010 FFF7FEFF 		bl	serial_pow
 405              	.LVL35:
 406              		.loc 1 80 28 discriminator 1 view .LVU104
 407 0014 B6FBF0F0 		udiv	r0, r6, r0
 408              		.loc 1 80 61 discriminator 1 view .LVU105
 409 0018 084B     		ldr	r3, .L25
 410 001a A3FB0023 		umull	r2, r3, r3, r0
 411 001e DB08     		lsrs	r3, r3, #3
 412 0020 03EB8303 		add	r3, r3, r3, lsl #2
 413 0024 A0EB4303 		sub	r3, r0, r3, lsl #1
 414              		.loc 1 80 5 discriminator 1 view .LVU106
 415 0028 3033     		adds	r3, r3, #48
 416 002a D8B2     		uxtb	r0, r3
 417 002c FFF7FEFF 		bl	serial_sendbyte
 418              	.LVL36:
  79:./Libraries/src/serial.c ****   for (i = 0; i < Length; i++) {
 419              		.loc 1 79 28 is_stmt 1 discriminator 3 view .LVU107
 420 0030 0134     		adds	r4, r4, #1
 421              	.LVL37:
  79:./Libraries/src/serial.c ****   for (i = 0; i < Length; i++) {
 422              		.loc 1 79 28 is_stmt 0 discriminator 3 view .LVU108
 423 0032 E4B2     		uxtb	r4, r4
 424              	.LVL38:
 425              	.L22:
  79:./Libraries/src/serial.c ****   for (i = 0; i < Length; i++) {
 426              		.loc 1 79 17 is_stmt 1 discriminator 1 view .LVU109
 427 0034 AC42     		cmp	r4, r5
 428 0036 E8D3     		bcc	.L23
ARM GAS  /tmp/ccW8yKe1.s 			page 10


  81:./Libraries/src/serial.c ****   }
  82:./Libraries/src/serial.c **** }
 429              		.loc 1 82 1 is_stmt 0 view .LVU110
 430 0038 70BD     		pop	{r4, r5, r6, pc}
 431              	.LVL39:
 432              	.L26:
 433              		.loc 1 82 1 view .LVU111
 434 003a 00BF     		.align	2
 435              	.L25:
 436 003c CDCCCCCC 		.word	-858993459
 437              		.cfi_endproc
 438              	.LFE34:
 440              		.section	.text.serial_GetRxFlag,"ax",%progbits
 441              		.align	1
 442              		.global	serial_GetRxFlag
 443              		.syntax unified
 444              		.thumb
 445              		.thumb_func
 447              	serial_GetRxFlag:
 448              	.LFB35:
  83:./Libraries/src/serial.c **** 
  84:./Libraries/src/serial.c **** uint8_t serial_GetRxFlag(void) {
 449              		.loc 1 84 32 is_stmt 1 view -0
 450              		.cfi_startproc
 451              		@ args = 0, pretend = 0, frame = 0
 452              		@ frame_needed = 0, uses_anonymous_args = 0
 453              		@ link register save eliminated.
  85:./Libraries/src/serial.c ****   if (RxFlag == 1) {
 454              		.loc 1 85 3 view .LVU113
 455              		.loc 1 85 14 is_stmt 0 view .LVU114
 456 0000 044B     		ldr	r3, .L31
 457 0002 1878     		ldrb	r0, [r3]	@ zero_extendqisi2
 458              		.loc 1 85 6 view .LVU115
 459 0004 0128     		cmp	r0, #1
 460 0006 01D0     		beq	.L30
  86:./Libraries/src/serial.c ****     RxFlag = 0;
  87:./Libraries/src/serial.c ****     return 1;
  88:./Libraries/src/serial.c ****   }
  89:./Libraries/src/serial.c ****   return 0;
 461              		.loc 1 89 10 view .LVU116
 462 0008 0020     		movs	r0, #0
  90:./Libraries/src/serial.c **** }
 463              		.loc 1 90 1 view .LVU117
 464 000a 7047     		bx	lr
 465              	.L30:
  86:./Libraries/src/serial.c ****     RxFlag = 0;
 466              		.loc 1 86 5 is_stmt 1 view .LVU118
  86:./Libraries/src/serial.c ****     RxFlag = 0;
 467              		.loc 1 86 12 is_stmt 0 view .LVU119
 468 000c 0022     		movs	r2, #0
 469 000e 1A70     		strb	r2, [r3]
  87:./Libraries/src/serial.c ****   }
 470              		.loc 1 87 5 is_stmt 1 view .LVU120
  87:./Libraries/src/serial.c ****   }
 471              		.loc 1 87 12 is_stmt 0 view .LVU121
 472 0010 7047     		bx	lr
 473              	.L32:
ARM GAS  /tmp/ccW8yKe1.s 			page 11


 474 0012 00BF     		.align	2
 475              	.L31:
 476 0014 00000000 		.word	RxFlag
 477              		.cfi_endproc
 478              	.LFE35:
 480              		.section	.text.serial_GetRxData,"ax",%progbits
 481              		.align	1
 482              		.global	serial_GetRxData
 483              		.syntax unified
 484              		.thumb
 485              		.thumb_func
 487              	serial_GetRxData:
 488              	.LFB36:
  91:./Libraries/src/serial.c **** 
  92:./Libraries/src/serial.c **** uint8_t serial_GetRxData(void) { return RxData; }
 489              		.loc 1 92 32 is_stmt 1 view -0
 490              		.cfi_startproc
 491              		@ args = 0, pretend = 0, frame = 0
 492              		@ frame_needed = 0, uses_anonymous_args = 0
 493              		@ link register save eliminated.
 494              		.loc 1 92 34 view .LVU123
 495              		.loc 1 92 49 is_stmt 0 view .LVU124
 496 0000 014B     		ldr	r3, .L34
 497 0002 1878     		ldrb	r0, [r3]	@ zero_extendqisi2
 498 0004 7047     		bx	lr
 499              	.L35:
 500 0006 00BF     		.align	2
 501              	.L34:
 502 0008 00000000 		.word	RxData
 503              		.cfi_endproc
 504              	.LFE36:
 506              		.section	.text.USART1_IRQHandler,"ax",%progbits
 507              		.align	1
 508              		.global	USART1_IRQHandler
 509              		.syntax unified
 510              		.thumb
 511              		.thumb_func
 513              	USART1_IRQHandler:
 514              	.LFB37:
  93:./Libraries/src/serial.c **** 
  94:./Libraries/src/serial.c **** void USART1_IRQHandler(void) {
 515              		.loc 1 94 30 is_stmt 1 view -0
 516              		.cfi_startproc
 517              		@ args = 0, pretend = 0, frame = 0
 518              		@ frame_needed = 0, uses_anonymous_args = 0
 519 0000 10B5     		push	{r4, lr}
 520              	.LCFI7:
 521              		.cfi_def_cfa_offset 8
 522              		.cfi_offset 4, -8
 523              		.cfi_offset 14, -4
  95:./Libraries/src/serial.c ****   if (USART_GetFlagStatus(USART1, USART_IT_RXNE) == SET) {
 524              		.loc 1 95 3 view .LVU126
 525              		.loc 1 95 7 is_stmt 0 view .LVU127
 526 0002 40F22551 		movw	r1, #1317
 527 0006 0A48     		ldr	r0, .L40
 528 0008 FFF7FEFF 		bl	USART_GetFlagStatus
 529              	.LVL40:
ARM GAS  /tmp/ccW8yKe1.s 			page 12


 530              		.loc 1 95 6 discriminator 1 view .LVU128
 531 000c 0128     		cmp	r0, #1
 532 000e 00D0     		beq	.L39
 533              	.L36:
  96:./Libraries/src/serial.c ****     RxData = USART_ReceiveData(USART1);
  97:./Libraries/src/serial.c ****     RxFlag = 1;
  98:./Libraries/src/serial.c ****     USART_ClearITPendingBit(USART1, USART_IT_RXNE);
  99:./Libraries/src/serial.c ****   }
 100:./Libraries/src/serial.c **** }
 534              		.loc 1 100 1 view .LVU129
 535 0010 10BD     		pop	{r4, pc}
 536              	.L39:
  96:./Libraries/src/serial.c ****     RxData = USART_ReceiveData(USART1);
 537              		.loc 1 96 5 is_stmt 1 view .LVU130
  96:./Libraries/src/serial.c ****     RxData = USART_ReceiveData(USART1);
 538              		.loc 1 96 14 is_stmt 0 view .LVU131
 539 0012 074C     		ldr	r4, .L40
 540 0014 2046     		mov	r0, r4
 541 0016 FFF7FEFF 		bl	USART_ReceiveData
 542              	.LVL41:
  96:./Libraries/src/serial.c ****     RxData = USART_ReceiveData(USART1);
 543              		.loc 1 96 12 discriminator 1 view .LVU132
 544 001a 064B     		ldr	r3, .L40+4
 545 001c 1870     		strb	r0, [r3]
  97:./Libraries/src/serial.c ****     USART_ClearITPendingBit(USART1, USART_IT_RXNE);
 546              		.loc 1 97 5 is_stmt 1 view .LVU133
  97:./Libraries/src/serial.c ****     USART_ClearITPendingBit(USART1, USART_IT_RXNE);
 547              		.loc 1 97 12 is_stmt 0 view .LVU134
 548 001e 064B     		ldr	r3, .L40+8
 549 0020 0122     		movs	r2, #1
 550 0022 1A70     		strb	r2, [r3]
  98:./Libraries/src/serial.c ****   }
 551              		.loc 1 98 5 is_stmt 1 view .LVU135
 552 0024 40F22551 		movw	r1, #1317
 553 0028 2046     		mov	r0, r4
 554 002a FFF7FEFF 		bl	USART_ClearITPendingBit
 555              	.LVL42:
 556              		.loc 1 100 1 is_stmt 0 view .LVU136
 557 002e EFE7     		b	.L36
 558              	.L41:
 559              		.align	2
 560              	.L40:
 561 0030 00380140 		.word	1073821696
 562 0034 00000000 		.word	RxData
 563 0038 00000000 		.word	RxFlag
 564              		.cfi_endproc
 565              	.LFE37:
 567              		.global	RxFlag
 568              		.section	.bss.RxFlag,"aw",%nobits
 571              	RxFlag:
 572 0000 00       		.space	1
 573              		.global	RxData
 574              		.section	.bss.RxData,"aw",%nobits
 577              	RxData:
 578 0000 00       		.space	1
 579              		.text
 580              	.Letext0:
ARM GAS  /tmp/ccW8yKe1.s 			page 13


 581              		.file 2 "/usr/arm-none-eabi/include/machine/_default_types.h"
 582              		.file 3 "/usr/arm-none-eabi/include/sys/_stdint.h"
 583              		.file 4 "cmsis/stm32f10x.h"
 584              		.file 5 "Drivers/inc/stm32f10x_gpio.h"
 585              		.file 6 "Drivers/inc/stm32f10x_usart.h"
 586              		.file 7 "Drivers/inc/misc.h"
 587              		.file 8 "Drivers/inc/stm32f10x_rcc.h"
ARM GAS  /tmp/ccW8yKe1.s 			page 14


DEFINED SYMBOLS
                            *ABS*:00000000 serial.c
     /tmp/ccW8yKe1.s:19     .text.serial_init:00000000 $t
     /tmp/ccW8yKe1.s:25     .text.serial_init:00000000 serial_init
     /tmp/ccW8yKe1.s:158    .text.serial_init:000000b4 $d
     /tmp/ccW8yKe1.s:164    .text.serial_sendbyte:00000000 $t
     /tmp/ccW8yKe1.s:170    .text.serial_sendbyte:00000000 serial_sendbyte
     /tmp/ccW8yKe1.s:206    .text.serial_sendbyte:00000018 $d
     /tmp/ccW8yKe1.s:211    .text.serial_sendarray:00000000 $t
     /tmp/ccW8yKe1.s:217    .text.serial_sendarray:00000000 serial_sendarray
     /tmp/ccW8yKe1.s:264    .text.serial_sendstring:00000000 $t
     /tmp/ccW8yKe1.s:270    .text.serial_sendstring:00000000 serial_sendstring
     /tmp/ccW8yKe1.s:318    .text.serial_pow:00000000 $t
     /tmp/ccW8yKe1.s:324    .text.serial_pow:00000000 serial_pow
     /tmp/ccW8yKe1.s:366    .text.serial_sendnumber:00000000 $t
     /tmp/ccW8yKe1.s:372    .text.serial_sendnumber:00000000 serial_sendnumber
     /tmp/ccW8yKe1.s:436    .text.serial_sendnumber:0000003c $d
     /tmp/ccW8yKe1.s:441    .text.serial_GetRxFlag:00000000 $t
     /tmp/ccW8yKe1.s:447    .text.serial_GetRxFlag:00000000 serial_GetRxFlag
     /tmp/ccW8yKe1.s:476    .text.serial_GetRxFlag:00000014 $d
     /tmp/ccW8yKe1.s:571    .bss.RxFlag:00000000 RxFlag
     /tmp/ccW8yKe1.s:481    .text.serial_GetRxData:00000000 $t
     /tmp/ccW8yKe1.s:487    .text.serial_GetRxData:00000000 serial_GetRxData
     /tmp/ccW8yKe1.s:502    .text.serial_GetRxData:00000008 $d
     /tmp/ccW8yKe1.s:577    .bss.RxData:00000000 RxData
     /tmp/ccW8yKe1.s:507    .text.USART1_IRQHandler:00000000 $t
     /tmp/ccW8yKe1.s:513    .text.USART1_IRQHandler:00000000 USART1_IRQHandler
     /tmp/ccW8yKe1.s:561    .text.USART1_IRQHandler:00000030 $d
     /tmp/ccW8yKe1.s:572    .bss.RxFlag:00000000 $d
     /tmp/ccW8yKe1.s:578    .bss.RxData:00000000 $d

UNDEFINED SYMBOLS
RCC_APB2PeriphClockCmd
GPIO_Init
USART_Init
USART_ITConfig
NVIC_PriorityGroupConfig
NVIC_Init
USART_Cmd
USART_SendData
USART_GetFlagStatus
USART_ReceiveData
USART_ClearITPendingBit
