ARM GAS  /tmp/ccd8LWJN.s 			page 1


   1              		.cpu cortex-m3
   2              		.arch armv7-m
   3              		.fpu softvfp
   4              		.eabi_attribute 20, 1
   5              		.eabi_attribute 21, 1
   6              		.eabi_attribute 23, 3
   7              		.eabi_attribute 24, 1
   8              		.eabi_attribute 25, 1
   9              		.eabi_attribute 26, 1
  10              		.eabi_attribute 30, 1
  11              		.eabi_attribute 34, 1
  12              		.eabi_attribute 18, 4
  13              		.file	"main.c"
  14              		.text
  15              	.Ltext0:
  16              		.cfi_sections	.debug_frame
  17              		.file 1 "./source/main.c"
  18              		.section	.text.main,"ax",%progbits
  19              		.align	1
  20              		.global	main
  21              		.syntax unified
  22              		.thumb
  23              		.thumb_func
  25              	main:
  26              	.LFB29:
   1:./source/main.c **** #include "stm32f10x.h"
   2:./source/main.c **** #include "stm32f10x_gpio.h"
   3:./source/main.c **** #include "stm32f10x_rcc.h"
   4:./source/main.c **** #include <Delay.h>
   5:./source/main.c **** #include <Key.h>
   6:./source/main.c **** #include <stdint.h>
   7:./source/main.c **** 
   8:./source/main.c **** uint8_t KeyNum;
   9:./source/main.c **** 
  10:./source/main.c **** int main(void) {
  27              		.loc 1 10 16 view -0
  28              		.cfi_startproc
  29              		@ Volatile: function does not return.
  30              		@ args = 0, pretend = 0, frame = 8
  31              		@ frame_needed = 0, uses_anonymous_args = 0
  32 0000 00B5     		push	{lr}
  33              	.LCFI0:
  34              		.cfi_def_cfa_offset 4
  35              		.cfi_offset 14, -4
  36 0002 83B0     		sub	sp, sp, #12
  37              	.LCFI1:
  38              		.cfi_def_cfa_offset 16
  11:./source/main.c ****   RCC_APB2PeriphClockCmd(RCC_APB2Periph_GPIOA, ENABLE);
  39              		.loc 1 11 3 view .LVU1
  40 0004 0121     		movs	r1, #1
  41 0006 0420     		movs	r0, #4
  42 0008 FFF7FEFF 		bl	RCC_APB2PeriphClockCmd
  43              	.LVL0:
  12:./source/main.c **** 
  13:./source/main.c ****   GPIO_InitTypeDef GPIO_InitStructure;
  44              		.loc 1 13 3 view .LVU2
  14:./source/main.c ****   GPIO_InitStructure.GPIO_Mode = GPIO_Mode_Out_PP;
ARM GAS  /tmp/ccd8LWJN.s 			page 2


  45              		.loc 1 14 3 view .LVU3
  46              		.loc 1 14 32 is_stmt 0 view .LVU4
  47 000c 1023     		movs	r3, #16
  48 000e 8DF80730 		strb	r3, [sp, #7]
  15:./source/main.c ****   GPIO_InitStructure.GPIO_Pin = GPIO_Pin_0;
  49              		.loc 1 15 3 is_stmt 1 view .LVU5
  50              		.loc 1 15 31 is_stmt 0 view .LVU6
  51 0012 0123     		movs	r3, #1
  52 0014 ADF80430 		strh	r3, [sp, #4]	@ movhi
  16:./source/main.c ****   GPIO_InitStructure.GPIO_Speed = GPIO_Speed_50MHz;
  53              		.loc 1 16 3 is_stmt 1 view .LVU7
  54              		.loc 1 16 33 is_stmt 0 view .LVU8
  55 0018 0323     		movs	r3, #3
  56 001a 8DF80630 		strb	r3, [sp, #6]
  17:./source/main.c ****   GPIO_Init(GPIOA, &GPIO_InitStructure);
  57              		.loc 1 17 3 is_stmt 1 view .LVU9
  58 001e 01A9     		add	r1, sp, #4
  59 0020 1448     		ldr	r0, .L7
  60 0022 FFF7FEFF 		bl	GPIO_Init
  61              	.LVL1:
  18:./source/main.c **** 
  19:./source/main.c ****   Key_Init();
  62              		.loc 1 19 3 view .LVU10
  63 0026 FFF7FEFF 		bl	Key_Init
  64              	.LVL2:
  65              	.L3:
  20:./source/main.c **** 
  21:./source/main.c ****   while (1) {
  66              		.loc 1 21 3 view .LVU11
  22:./source/main.c ****     KeyNum = Key_GetNum();
  67              		.loc 1 22 5 view .LVU12
  68              		.loc 1 22 14 is_stmt 0 view .LVU13
  69 002a FFF7FEFF 		bl	Key_GetNum
  70              	.LVL3:
  71              		.loc 1 22 12 view .LVU14
  72 002e 124B     		ldr	r3, .L7+4
  73 0030 1870     		strb	r0, [r3]
  23:./source/main.c ****     if (KeyNum == 1) {
  74              		.loc 1 23 5 is_stmt 1 view .LVU15
  75              		.loc 1 23 8 is_stmt 0 view .LVU16
  76 0032 0128     		cmp	r0, #1
  77 0034 10D0     		beq	.L6
  78              	.L2:
  24:./source/main.c ****       GPIO_WriteBit(GPIOA, GPIO_Pin_0,
  25:./source/main.c ****                     (BitAction)!GPIO_ReadOutputDataBit(GPIOA, GPIO_Pin_0));
  26:./source/main.c ****     }
  27:./source/main.c ****     if (KeyNum == 2) {
  79              		.loc 1 27 5 is_stmt 1 view .LVU17
  80              		.loc 1 27 16 is_stmt 0 view .LVU18
  81 0036 104B     		ldr	r3, .L7+4
  82 0038 1B78     		ldrb	r3, [r3]	@ zero_extendqisi2
  83              		.loc 1 27 8 view .LVU19
  84 003a 022B     		cmp	r3, #2
  85 003c F5D1     		bne	.L3
  28:./source/main.c ****       GPIO_WriteBit(GPIOA, GPIO_Pin_0,
  86              		.loc 1 28 7 is_stmt 1 view .LVU20
  29:./source/main.c ****                     (BitAction)!GPIO_ReadOutputDataBit(GPIOA, GPIO_Pin_0));
ARM GAS  /tmp/ccd8LWJN.s 			page 3


  87              		.loc 1 29 33 is_stmt 0 view .LVU21
  88 003e 0D4C     		ldr	r4, .L7
  89 0040 0121     		movs	r1, #1
  90 0042 2046     		mov	r0, r4
  91 0044 FFF7FEFF 		bl	GPIO_ReadOutputDataBit
  92              	.LVL4:
  28:./source/main.c ****       GPIO_WriteBit(GPIOA, GPIO_Pin_0,
  93              		.loc 1 28 7 view .LVU22
  94 0048 B0FA80F2 		clz	r2, r0
  95 004c 5209     		lsrs	r2, r2, #5
  96 004e 0121     		movs	r1, #1
  97 0050 2046     		mov	r0, r4
  98 0052 FFF7FEFF 		bl	GPIO_WriteBit
  99              	.LVL5:
 100 0056 E8E7     		b	.L3
 101              	.L6:
  24:./source/main.c ****       GPIO_WriteBit(GPIOA, GPIO_Pin_0,
 102              		.loc 1 24 7 is_stmt 1 view .LVU23
  25:./source/main.c ****     }
 103              		.loc 1 25 33 is_stmt 0 view .LVU24
 104 0058 064C     		ldr	r4, .L7
 105 005a 0121     		movs	r1, #1
 106 005c 2046     		mov	r0, r4
 107 005e FFF7FEFF 		bl	GPIO_ReadOutputDataBit
 108              	.LVL6:
  24:./source/main.c ****                     (BitAction)!GPIO_ReadOutputDataBit(GPIOA, GPIO_Pin_0));
 109              		.loc 1 24 7 view .LVU25
 110 0062 B0FA80F2 		clz	r2, r0
 111 0066 5209     		lsrs	r2, r2, #5
 112 0068 0121     		movs	r1, #1
 113 006a 2046     		mov	r0, r4
 114 006c FFF7FEFF 		bl	GPIO_WriteBit
 115              	.LVL7:
 116 0070 E1E7     		b	.L2
 117              	.L8:
 118 0072 00BF     		.align	2
 119              	.L7:
 120 0074 00080140 		.word	1073809408
 121 0078 00000000 		.word	KeyNum
 122              		.cfi_endproc
 123              	.LFE29:
 125              		.global	KeyNum
 126              		.section	.bss.KeyNum,"aw",%nobits
 129              	KeyNum:
 130 0000 00       		.space	1
 131              		.text
 132              	.Letext0:
 133              		.file 2 "/usr/lib/gcc/arm-none-eabi/12.2.1/include/stdint.h"
 134              		.file 3 "cmsis/stm32f10x.h"
 135              		.file 4 "Drivers/inc/stm32f10x_gpio.h"
 136              		.file 5 "Drivers/inc/stm32f10x_rcc.h"
 137              		.file 6 "Libraries/inc/Key.h"
ARM GAS  /tmp/ccd8LWJN.s 			page 4


DEFINED SYMBOLS
                            *ABS*:00000000 main.c
     /tmp/ccd8LWJN.s:19     .text.main:00000000 $t
     /tmp/ccd8LWJN.s:25     .text.main:00000000 main
     /tmp/ccd8LWJN.s:120    .text.main:00000074 $d
     /tmp/ccd8LWJN.s:129    .bss.KeyNum:00000000 KeyNum
     /tmp/ccd8LWJN.s:130    .bss.KeyNum:00000000 $d

UNDEFINED SYMBOLS
RCC_APB2PeriphClockCmd
GPIO_Init
Key_Init
Key_GetNum
GPIO_ReadOutputDataBit
GPIO_WriteBit
