ARM GAS  /tmp/ccvK9nwS.s 			page 1


   1              		.cpu cortex-m3
   2              		.eabi_attribute 20, 1
   3              		.eabi_attribute 21, 1
   4              		.eabi_attribute 23, 3
   5              		.eabi_attribute 24, 1
   6              		.eabi_attribute 25, 1
   7              		.eabi_attribute 26, 1
   8              		.eabi_attribute 30, 1
   9              		.eabi_attribute 34, 1
  10              		.eabi_attribute 18, 4
  11              		.file	"Key.c"
  12              		.text
  13              	.Ltext0:
  14              		.cfi_sections	.debug_frame
  15              		.section	.text.Key_Init,"ax",%progbits
  16              		.align	1
  17              		.global	Key_Init
  18              		.arch armv7-m
  19              		.syntax unified
  20              		.thumb
  21              		.thumb_func
  22              		.fpu softvfp
  24              	Key_Init:
  25              	.LFB29:
  26              		.file 1 "./Libraries/src/Key.c"
   1:./Libraries/src/Key.c **** #include "stm32f10x.h"                  // Device header
   2:./Libraries/src/Key.c **** #include "Delay.h"
   3:./Libraries/src/Key.c **** 
   4:./Libraries/src/Key.c **** void Key_Init(void)
   5:./Libraries/src/Key.c **** {
  27              		.loc 1 5 1 view -0
  28              		.cfi_startproc
  29              		@ args = 0, pretend = 0, frame = 8
  30              		@ frame_needed = 0, uses_anonymous_args = 0
  31 0000 00B5     		push	{lr}
  32              	.LCFI0:
  33              		.cfi_def_cfa_offset 4
  34              		.cfi_offset 14, -4
  35 0002 83B0     		sub	sp, sp, #12
  36              	.LCFI1:
  37              		.cfi_def_cfa_offset 16
   6:./Libraries/src/Key.c **** 	RCC_APB2PeriphClockCmd(RCC_APB2Periph_GPIOB, ENABLE);
  38              		.loc 1 6 2 view .LVU1
  39 0004 0121     		movs	r1, #1
  40 0006 0820     		movs	r0, #8
  41 0008 FFF7FEFF 		bl	RCC_APB2PeriphClockCmd
  42              	.LVL0:
   7:./Libraries/src/Key.c **** 	
   8:./Libraries/src/Key.c **** 	GPIO_InitTypeDef GPIO_InitStructure;
  43              		.loc 1 8 2 view .LVU2
   9:./Libraries/src/Key.c **** 	GPIO_InitStructure.GPIO_Mode = GPIO_Mode_IPU;
  44              		.loc 1 9 2 view .LVU3
  45              		.loc 1 9 31 is_stmt 0 view .LVU4
  46 000c 4823     		movs	r3, #72
  47 000e 8DF80730 		strb	r3, [sp, #7]
  10:./Libraries/src/Key.c **** 	GPIO_InitStructure.GPIO_Pin = GPIO_Pin_1 | GPIO_Pin_11;
  48              		.loc 1 10 2 is_stmt 1 view .LVU5
ARM GAS  /tmp/ccvK9nwS.s 			page 2


  49              		.loc 1 10 30 is_stmt 0 view .LVU6
  50 0012 40F60203 		movw	r3, #2050
  51 0016 ADF80430 		strh	r3, [sp, #4]	@ movhi
  11:./Libraries/src/Key.c **** 	GPIO_InitStructure.GPIO_Speed = GPIO_Speed_50MHz;
  52              		.loc 1 11 2 is_stmt 1 view .LVU7
  53              		.loc 1 11 32 is_stmt 0 view .LVU8
  54 001a 0323     		movs	r3, #3
  55 001c 8DF80630 		strb	r3, [sp, #6]
  12:./Libraries/src/Key.c **** 	GPIO_Init(GPIOB, &GPIO_InitStructure);
  56              		.loc 1 12 2 is_stmt 1 view .LVU9
  57 0020 01A9     		add	r1, sp, #4
  58 0022 0348     		ldr	r0, .L3
  59 0024 FFF7FEFF 		bl	GPIO_Init
  60              	.LVL1:
  13:./Libraries/src/Key.c **** }
  61              		.loc 1 13 1 is_stmt 0 view .LVU10
  62 0028 03B0     		add	sp, sp, #12
  63              	.LCFI2:
  64              		.cfi_def_cfa_offset 4
  65              		@ sp needed
  66 002a 5DF804FB 		ldr	pc, [sp], #4
  67              	.L4:
  68 002e 00BF     		.align	2
  69              	.L3:
  70 0030 000C0140 		.word	1073810432
  71              		.cfi_endproc
  72              	.LFE29:
  74              		.section	.text.Key_GetNum,"ax",%progbits
  75              		.align	1
  76              		.global	Key_GetNum
  77              		.syntax unified
  78              		.thumb
  79              		.thumb_func
  80              		.fpu softvfp
  82              	Key_GetNum:
  83              	.LFB30:
  14:./Libraries/src/Key.c **** 
  15:./Libraries/src/Key.c **** uint8_t Key_GetNum(void)
  16:./Libraries/src/Key.c **** {
  84              		.loc 1 16 1 is_stmt 1 view -0
  85              		.cfi_startproc
  86              		@ args = 0, pretend = 0, frame = 0
  87              		@ frame_needed = 0, uses_anonymous_args = 0
  88 0000 10B5     		push	{r4, lr}
  89              	.LCFI3:
  90              		.cfi_def_cfa_offset 8
  91              		.cfi_offset 4, -8
  92              		.cfi_offset 14, -4
  17:./Libraries/src/Key.c **** 	uint8_t KeyNum = 0;
  93              		.loc 1 17 2 view .LVU12
  94              	.LVL2:
  18:./Libraries/src/Key.c **** 	if (GPIO_ReadInputDataBit(GPIOB, GPIO_Pin_1) == 0)
  95              		.loc 1 18 2 view .LVU13
  96              		.loc 1 18 6 is_stmt 0 view .LVU14
  97 0002 0221     		movs	r1, #2
  98 0004 1448     		ldr	r0, .L14
  99 0006 FFF7FEFF 		bl	GPIO_ReadInputDataBit
ARM GAS  /tmp/ccvK9nwS.s 			page 3


 100              	.LVL3:
 101              		.loc 1 18 5 view .LVU15
 102 000a 40B1     		cbz	r0, .L12
  17:./Libraries/src/Key.c **** 	uint8_t KeyNum = 0;
 103              		.loc 1 17 10 view .LVU16
 104 000c 0024     		movs	r4, #0
 105              	.LVL4:
 106              	.L6:
  19:./Libraries/src/Key.c **** 	{
  20:./Libraries/src/Key.c **** 		Delay_ms(20);
  21:./Libraries/src/Key.c **** 		while (GPIO_ReadInputDataBit(GPIOB, GPIO_Pin_1) == 0);
  22:./Libraries/src/Key.c **** 		Delay_ms(20);
  23:./Libraries/src/Key.c **** 		KeyNum = 1;
  24:./Libraries/src/Key.c **** 	}
  25:./Libraries/src/Key.c **** 	if (GPIO_ReadInputDataBit(GPIOB, GPIO_Pin_11) == 0)
 107              		.loc 1 25 2 is_stmt 1 view .LVU17
 108              		.loc 1 25 6 is_stmt 0 view .LVU18
 109 000e 4FF40061 		mov	r1, #2048
 110 0012 1148     		ldr	r0, .L14
 111 0014 FFF7FEFF 		bl	GPIO_ReadInputDataBit
 112              	.LVL5:
 113              		.loc 1 25 5 view .LVU19
 114 0018 78B1     		cbz	r0, .L13
 115              	.LVL6:
 116              	.L8:
  26:./Libraries/src/Key.c **** 	{
  27:./Libraries/src/Key.c **** 		Delay_ms(20);
  28:./Libraries/src/Key.c **** 		while (GPIO_ReadInputDataBit(GPIOB, GPIO_Pin_11) == 0);
  29:./Libraries/src/Key.c **** 		Delay_ms(20);
  30:./Libraries/src/Key.c **** 		KeyNum = 2;
  31:./Libraries/src/Key.c **** 	}
  32:./Libraries/src/Key.c **** 	
  33:./Libraries/src/Key.c **** 	return KeyNum;
 117              		.loc 1 33 2 is_stmt 1 view .LVU20
  34:./Libraries/src/Key.c **** }
 118              		.loc 1 34 1 is_stmt 0 view .LVU21
 119 001a 2046     		mov	r0, r4
 120 001c 10BD     		pop	{r4, pc}
 121              	.LVL7:
 122              	.L12:
  20:./Libraries/src/Key.c **** 		while (GPIO_ReadInputDataBit(GPIOB, GPIO_Pin_1) == 0);
 123              		.loc 1 20 3 is_stmt 1 view .LVU22
 124 001e 1420     		movs	r0, #20
 125 0020 FFF7FEFF 		bl	Delay_ms
 126              	.LVL8:
  21:./Libraries/src/Key.c **** 		Delay_ms(20);
 127              		.loc 1 21 3 view .LVU23
 128              	.L7:
  21:./Libraries/src/Key.c **** 		Delay_ms(20);
 129              		.loc 1 21 56 discriminator 1 view .LVU24
  21:./Libraries/src/Key.c **** 		Delay_ms(20);
 130              		.loc 1 21 9 discriminator 1 view .LVU25
  21:./Libraries/src/Key.c **** 		Delay_ms(20);
 131              		.loc 1 21 10 is_stmt 0 discriminator 1 view .LVU26
 132 0024 0221     		movs	r1, #2
 133 0026 0C48     		ldr	r0, .L14
 134 0028 FFF7FEFF 		bl	GPIO_ReadInputDataBit
ARM GAS  /tmp/ccvK9nwS.s 			page 4


 135              	.LVL9:
  21:./Libraries/src/Key.c **** 		Delay_ms(20);
 136              		.loc 1 21 9 discriminator 1 view .LVU27
 137 002c 0028     		cmp	r0, #0
 138 002e F9D0     		beq	.L7
  22:./Libraries/src/Key.c **** 		KeyNum = 1;
 139              		.loc 1 22 3 is_stmt 1 view .LVU28
 140 0030 1420     		movs	r0, #20
 141 0032 FFF7FEFF 		bl	Delay_ms
 142              	.LVL10:
  23:./Libraries/src/Key.c **** 	}
 143              		.loc 1 23 3 view .LVU29
  23:./Libraries/src/Key.c **** 	}
 144              		.loc 1 23 10 is_stmt 0 view .LVU30
 145 0036 0124     		movs	r4, #1
 146 0038 E9E7     		b	.L6
 147              	.LVL11:
 148              	.L13:
  27:./Libraries/src/Key.c **** 		while (GPIO_ReadInputDataBit(GPIOB, GPIO_Pin_11) == 0);
 149              		.loc 1 27 3 is_stmt 1 view .LVU31
 150 003a 1420     		movs	r0, #20
 151 003c FFF7FEFF 		bl	Delay_ms
 152              	.LVL12:
  28:./Libraries/src/Key.c **** 		Delay_ms(20);
 153              		.loc 1 28 3 view .LVU32
 154              	.L9:
  28:./Libraries/src/Key.c **** 		Delay_ms(20);
 155              		.loc 1 28 57 discriminator 1 view .LVU33
  28:./Libraries/src/Key.c **** 		Delay_ms(20);
 156              		.loc 1 28 9 discriminator 1 view .LVU34
  28:./Libraries/src/Key.c **** 		Delay_ms(20);
 157              		.loc 1 28 10 is_stmt 0 discriminator 1 view .LVU35
 158 0040 4FF40061 		mov	r1, #2048
 159 0044 0448     		ldr	r0, .L14
 160 0046 FFF7FEFF 		bl	GPIO_ReadInputDataBit
 161              	.LVL13:
  28:./Libraries/src/Key.c **** 		Delay_ms(20);
 162              		.loc 1 28 9 discriminator 1 view .LVU36
 163 004a 0028     		cmp	r0, #0
 164 004c F8D0     		beq	.L9
  29:./Libraries/src/Key.c **** 		KeyNum = 2;
 165              		.loc 1 29 3 is_stmt 1 view .LVU37
 166 004e 1420     		movs	r0, #20
 167 0050 FFF7FEFF 		bl	Delay_ms
 168              	.LVL14:
  30:./Libraries/src/Key.c **** 	}
 169              		.loc 1 30 3 view .LVU38
  30:./Libraries/src/Key.c **** 	}
 170              		.loc 1 30 10 is_stmt 0 view .LVU39
 171 0054 0224     		movs	r4, #2
 172 0056 E0E7     		b	.L8
 173              	.L15:
 174              		.align	2
 175              	.L14:
 176 0058 000C0140 		.word	1073810432
 177              		.cfi_endproc
 178              	.LFE30:
ARM GAS  /tmp/ccvK9nwS.s 			page 5


 180              		.text
 181              	.Letext0:
 182              		.file 2 "/usr/lib/gcc/arm-none-eabi/9.2.1/include/stdint.h"
 183              		.file 3 "cmsis/core_cm3.h"
 184              		.file 4 "cmsis/system_stm32f10x.h"
 185              		.file 5 "cmsis/stm32f10x.h"
 186              		.file 6 "Drivers/inc/stm32f10x_gpio.h"
 187              		.file 7 "Libraries/inc/Delay.h"
 188              		.file 8 "Drivers/inc/stm32f10x_rcc.h"
ARM GAS  /tmp/ccvK9nwS.s 			page 6


DEFINED SYMBOLS
                            *ABS*:0000000000000000 Key.c
     /tmp/ccvK9nwS.s:16     .text.Key_Init:0000000000000000 $t
     /tmp/ccvK9nwS.s:24     .text.Key_Init:0000000000000000 Key_Init
     /tmp/ccvK9nwS.s:70     .text.Key_Init:0000000000000030 $d
     /tmp/ccvK9nwS.s:75     .text.Key_GetNum:0000000000000000 $t
     /tmp/ccvK9nwS.s:82     .text.Key_GetNum:0000000000000000 Key_GetNum
     /tmp/ccvK9nwS.s:176    .text.Key_GetNum:0000000000000058 $d

UNDEFINED SYMBOLS
RCC_APB2PeriphClockCmd
GPIO_Init
GPIO_ReadInputDataBit
Delay_ms
