ARM GAS  /tmp/cc2mF34t.s 			page 1


   1              		.cpu cortex-m3
   2              		.arch armv7-m
   3              		.fpu softvfp
   4              		.eabi_attribute 20, 1
   5              		.eabi_attribute 21, 1
   6              		.eabi_attribute 23, 3
   7              		.eabi_attribute 24, 1
   8              		.eabi_attribute 25, 1
   9              		.eabi_attribute 26, 1
  10              		.eabi_attribute 30, 1
  11              		.eabi_attribute 34, 1
  12              		.eabi_attribute 18, 4
  13              		.file	"main.c"
  14              		.text
  15              	.Ltext0:
  16              		.cfi_sections	.debug_frame
  17              		.file 1 "./source/main.c"
  18              		.section	.text.main,"ax",%progbits
  19              		.align	1
  20              		.global	main
  21              		.syntax unified
  22              		.thumb
  23              		.thumb_func
  25              	main:
  26              	.LFB29:
   1:./source/main.c **** #include "stm32f10x.h"                  // Device header
   2:./source/main.c **** #include "Delay.h"
   3:./source/main.c **** 
   4:./source/main.c **** int main(void)
   5:./source/main.c **** {
  27              		.loc 1 5 1 view -0
  28              		.cfi_startproc
  29              		@ Volatile: function does not return.
  30              		@ args = 0, pretend = 0, frame = 8
  31              		@ frame_needed = 0, uses_anonymous_args = 0
  32 0000 00B5     		push	{lr}
  33              	.LCFI0:
  34              		.cfi_def_cfa_offset 4
  35              		.cfi_offset 14, -4
  36 0002 83B0     		sub	sp, sp, #12
  37              	.LCFI1:
  38              		.cfi_def_cfa_offset 16
   6:./source/main.c **** 	RCC_APB2PeriphClockCmd(RCC_APB2Periph_GPIOA, ENABLE);
  39              		.loc 1 6 2 view .LVU1
  40 0004 0121     		movs	r1, #1
  41 0006 0420     		movs	r0, #4
  42 0008 FFF7FEFF 		bl	RCC_APB2PeriphClockCmd
  43              	.LVL0:
   7:./source/main.c **** 	
   8:./source/main.c **** 	GPIO_InitTypeDef GPIO_InitStructure;
  44              		.loc 1 8 2 view .LVU2
   9:./source/main.c **** 	GPIO_InitStructure.GPIO_Mode = GPIO_Mode_Out_PP;
  45              		.loc 1 9 2 view .LVU3
  46              		.loc 1 9 31 is_stmt 0 view .LVU4
  47 000c 1023     		movs	r3, #16
  48 000e 8DF80730 		strb	r3, [sp, #7]
  10:./source/main.c **** 	GPIO_InitStructure.GPIO_Pin = GPIO_Pin_0;
ARM GAS  /tmp/cc2mF34t.s 			page 2


  49              		.loc 1 10 2 is_stmt 1 view .LVU5
  50              		.loc 1 10 30 is_stmt 0 view .LVU6
  51 0012 0123     		movs	r3, #1
  52 0014 ADF80430 		strh	r3, [sp, #4]	@ movhi
  11:./source/main.c **** 	GPIO_InitStructure.GPIO_Speed = GPIO_Speed_50MHz;
  53              		.loc 1 11 2 is_stmt 1 view .LVU7
  54              		.loc 1 11 32 is_stmt 0 view .LVU8
  55 0018 0323     		movs	r3, #3
  56 001a 8DF80630 		strb	r3, [sp, #6]
  12:./source/main.c **** 	GPIO_Init(GPIOA, &GPIO_InitStructure);
  57              		.loc 1 12 2 is_stmt 1 view .LVU9
  58 001e 01A9     		add	r1, sp, #4
  59 0020 1C48     		ldr	r0, .L4
  60 0022 FFF7FEFF 		bl	GPIO_Init
  61              	.LVL1:
  62              	.L2:
  13:./source/main.c **** 	
  14:./source/main.c **** 	while (1)
  63              		.loc 1 14 2 discriminator 1 view .LVU10
  15:./source/main.c **** 	{
  16:./source/main.c **** 		GPIO_ResetBits(GPIOA, GPIO_Pin_0);
  64              		.loc 1 16 3 discriminator 1 view .LVU11
  65 0026 1B4C     		ldr	r4, .L4
  66 0028 0121     		movs	r1, #1
  67 002a 2046     		mov	r0, r4
  68 002c FFF7FEFF 		bl	GPIO_ResetBits
  69              	.LVL2:
  17:./source/main.c **** 		Delay_ms(500);
  70              		.loc 1 17 3 discriminator 1 view .LVU12
  71 0030 4FF4FA70 		mov	r0, #500
  72 0034 FFF7FEFF 		bl	Delay_ms
  73              	.LVL3:
  18:./source/main.c **** 		GPIO_SetBits(GPIOA, GPIO_Pin_0);
  74              		.loc 1 18 3 discriminator 1 view .LVU13
  75 0038 0121     		movs	r1, #1
  76 003a 2046     		mov	r0, r4
  77 003c FFF7FEFF 		bl	GPIO_SetBits
  78              	.LVL4:
  19:./source/main.c **** 		Delay_ms(500);
  79              		.loc 1 19 3 discriminator 1 view .LVU14
  80 0040 4FF4FA70 		mov	r0, #500
  81 0044 FFF7FEFF 		bl	Delay_ms
  82              	.LVL5:
  20:./source/main.c **** 		
  21:./source/main.c **** 		GPIO_WriteBit(GPIOA, GPIO_Pin_0, Bit_RESET);
  83              		.loc 1 21 3 discriminator 1 view .LVU15
  84 0048 0022     		movs	r2, #0
  85 004a 0121     		movs	r1, #1
  86 004c 2046     		mov	r0, r4
  87 004e FFF7FEFF 		bl	GPIO_WriteBit
  88              	.LVL6:
  22:./source/main.c **** 		Delay_ms(500);
  89              		.loc 1 22 3 discriminator 1 view .LVU16
  90 0052 4FF4FA70 		mov	r0, #500
  91 0056 FFF7FEFF 		bl	Delay_ms
  92              	.LVL7:
  23:./source/main.c **** 		GPIO_WriteBit(GPIOA, GPIO_Pin_0, Bit_SET);
ARM GAS  /tmp/cc2mF34t.s 			page 3


  93              		.loc 1 23 3 discriminator 1 view .LVU17
  94 005a 0122     		movs	r2, #1
  95 005c 1146     		mov	r1, r2
  96 005e 2046     		mov	r0, r4
  97 0060 FFF7FEFF 		bl	GPIO_WriteBit
  98              	.LVL8:
  24:./source/main.c **** 		Delay_ms(500);
  99              		.loc 1 24 3 discriminator 1 view .LVU18
 100 0064 4FF4FA70 		mov	r0, #500
 101 0068 FFF7FEFF 		bl	Delay_ms
 102              	.LVL9:
  25:./source/main.c **** 		
  26:./source/main.c **** 		GPIO_WriteBit(GPIOA, GPIO_Pin_0, (BitAction)0);
 103              		.loc 1 26 3 discriminator 1 view .LVU19
 104 006c 0022     		movs	r2, #0
 105 006e 0121     		movs	r1, #1
 106 0070 2046     		mov	r0, r4
 107 0072 FFF7FEFF 		bl	GPIO_WriteBit
 108              	.LVL10:
  27:./source/main.c **** 		Delay_ms(500);
 109              		.loc 1 27 3 discriminator 1 view .LVU20
 110 0076 4FF4FA70 		mov	r0, #500
 111 007a FFF7FEFF 		bl	Delay_ms
 112              	.LVL11:
  28:./source/main.c **** 		GPIO_WriteBit(GPIOA, GPIO_Pin_0, (BitAction)1);
 113              		.loc 1 28 3 discriminator 1 view .LVU21
 114 007e 0122     		movs	r2, #1
 115 0080 1146     		mov	r1, r2
 116 0082 2046     		mov	r0, r4
 117 0084 FFF7FEFF 		bl	GPIO_WriteBit
 118              	.LVL12:
  29:./source/main.c **** 		Delay_ms(500);
 119              		.loc 1 29 3 discriminator 1 view .LVU22
 120 0088 4FF4FA70 		mov	r0, #500
 121 008c FFF7FEFF 		bl	Delay_ms
 122              	.LVL13:
  14:./source/main.c **** 	{
 123              		.loc 1 14 8 discriminator 1 view .LVU23
 124 0090 C9E7     		b	.L2
 125              	.L5:
 126 0092 00BF     		.align	2
 127              	.L4:
 128 0094 00080140 		.word	1073809408
 129              		.cfi_endproc
 130              	.LFE29:
 132              		.text
 133              	.Letext0:
 134              		.file 2 "/usr/lib/gcc/arm-none-eabi/12.2.1/include/stdint.h"
 135              		.file 3 "cmsis/stm32f10x.h"
 136              		.file 4 "Drivers/inc/stm32f10x_gpio.h"
 137              		.file 5 "Libraries/inc/Delay.h"
 138              		.file 6 "Drivers/inc/stm32f10x_rcc.h"
ARM GAS  /tmp/cc2mF34t.s 			page 4


DEFINED SYMBOLS
                            *ABS*:00000000 main.c
     /tmp/cc2mF34t.s:19     .text.main:00000000 $t
     /tmp/cc2mF34t.s:25     .text.main:00000000 main
     /tmp/cc2mF34t.s:128    .text.main:00000094 $d

UNDEFINED SYMBOLS
RCC_APB2PeriphClockCmd
GPIO_Init
GPIO_ResetBits
Delay_ms
GPIO_SetBits
GPIO_WriteBit
